info: test {"service":"user-service"}
info: test {"service":"user-service"}
info: test {"service":"user-service"}
info: Found non-callable @@iterator {"service":"user-service"}
info: test {"service":"user-service"}
info: Found non-callable @@iterator {"service":"user-service"}
info: test {"service":"user-service"}
info: Found non-callable @@iterator {"service":"user-service"}
info: test {"service":"user-service"}
info: Found non-callable @@iterator {"service":"user-service"}
info: test {"service":"user-service"}
info: Found non-callable @@iterator {"service":"user-service"}
info: test {"service":"user-service"}
info: Found non-callable @@iterator {"service":"user-service"}
info: test {"service":"user-service"}
info: 1 {"service":"user-service"}
info: 2 {"service":"user-service"}
info: test {"service":"user-service"}
info: 1 {"service":"user-service"}
info: 2 {"service":"user-service"}
info: test {"service":"user-service"}
info: 1 {"service":"user-service"}
info:  {"service":"user-service"}
info: test {"service":"user-service"}
info: 1 {"service":"user-service"}
info: TypeError: Found non-callable @@iterator {"service":"user-service"}
info: test {"service":"user-service"}
info: 1 {"service":"user-service"}
info: TypeError: object is not iterable (cannot read property Symbol(Symbol.iterator)) {"service":"user-service"}
info: test {"service":"user-service"}
info: 1 {"service":"user-service"}
info: TypeError: object is not iterable (cannot read property Symbol(Symbol.iterator)) {"service":"user-service"}
info: test {"service":"user-service"}
info: 1 {"service":"user-service"}
info: TypeError: object is not iterable (cannot read property Symbol(Symbol.iterator)) {"service":"user-service"}
info: test {"service":"user-service"}
info: 1 {"service":"user-service"}
info: TypeError: Found non-callable @@iterator {"service":"user-service"}
info: test {"service":"user-service"}
info: 1 {"service":"user-service"}
info: TypeError: Found non-callable @@iterator {"service":"user-service"}
info: test {"service":"user-service"}
info: 1 {"service":"user-service"}
info: Found non-callable @@iterator {"service":"user-service"}
info: test {"service":"user-service"}
info: 1 {"service":"user-service"}
info: Found non-callable @@iterator {"service":"user-service"}
info: test {"service":"user-service"}
info: 1 {"service":"user-service"}
info: Found non-callable @@iterator {"service":"user-service"}
info: test {"service":"user-service"}
info: 1 {"service":"user-service"}
info: Found non-callable @@iterator {"service":"user-service"}
info: test {"service":"user-service"}
info: 1 {"service":"user-service"}
info: Found non-callable @@iterator {"service":"user-service"}
info: test {"service":"user-service"}
info: 1 {"service":"user-service"}
info: Found non-callable @@iterator {"service":"user-service"}
info: test {"service":"user-service"}
info: 1 {"service":"user-service"}
info: Found non-callable @@iterator {"service":"user-service"}
info: test {"service":"user-service"}
info: 1 {"service":"user-service"}
info: Found non-callable @@iterator {"service":"user-service"}
info: test {"service":"user-service"}
info: 1 {"service":"user-service"}
info: Found non-callable @@iterator {"service":"user-service"}
info: test {"service":"user-service"}
info: 1 {"service":"user-service"}
info: Found non-callable @@iterator {"service":"user-service"}
info: test {"service":"user-service"}
info: 1 {"service":"user-service"}
info: object is not iterable (cannot read property Symbol(Symbol.iterator)) {"service":"user-service"}
info: test {"service":"user-service"}
info: 1 {"service":"user-service"}
info: Assignment to constant variable. {"service":"user-service"}
info: test {"service":"user-service"}
info: 1 {"service":"user-service"}
info: Assignment to constant variable. {"service":"user-service"}
info: test {"service":"user-service"}
info: 1 {"service":"user-service"}
info: consele is not defined {"service":"user-service"}
info: test {"service":"user-service"}
info: 1 {"service":"user-service"}
info: consele is not defined {"service":"user-service"}
info: test {"service":"user-service"}
info: 1 {"service":"user-service"}
info: Assignment to constant variable. {"service":"user-service"}
info: test {"service":"user-service"}
info: 1 {"service":"user-service"}
info: Assignment to constant variable. {"service":"user-service"}
info: test {"service":"user-service"}
info: 1 {"service":"user-service"}
info: Assignment to constant variable. {"service":"user-service"}
info: test {"service":"user-service"}
info: 1 {"service":"user-service"}
info: Assignment to constant variable. {"service":"user-service"}
info: test {"service":"user-service"}
info: 1 {"service":"user-service"}
info: Assignment to constant variable. {"service":"user-service"}
info: test {"service":"user-service"}
info: 1 {"service":"user-service"}
info: Assignment to constant variable. {"service":"user-service"}
info: test {"service":"user-service"}
info: 1 {"service":"user-service"}
info: test {"service":"user-service"}
info: test from index.mjs {"service":"user-service"}
info: test from index.mjs {"service":"user-service"}
info: Could not create file. {"code":553,"service":"user-service"}
info: test from index.mjs {"service":"user-service"}
info: test from index.mjs {"service":"user-service"}
info: test from index.mjs {"service":"user-service"}
info: test from index.mjs {"service":"user-service"}
info: test from index.mjs {"service":"user-service"}
info: test from index.mjs {"service":"user-service"}
info: test from index.mjs {"service":"user-service"}
info: test from index.mjs {"service":"user-service"}
info: test from index.mjs {"service":"user-servic"}
info: test from index.mjs {"service":"user-servic"}
info: test from index.mjs {"service":"user-servic"}
info: test from index.mjs {"service":"user-servic"}
info: test from index.mjs {"service":"user-servic"}
info: test from index.mjs {"service":"user-servic"}
info: test from index.mjs {"service":"user-servic"}
info: test from index.mjs {"service":"user-servic"}
info: test from index.mjs {"service":"user-servic"}
info: test from index.mjs {"service":"user-servic"}
info: test from index.mjs {"service":"user-servic"}
info: test from index.mjs {"service":"user-servic"}
info: test from index.mjs {"service":"user-servic"}
info: test from index.mjs {"service":"user-servic"}
info: test from index.mjs {"service":"user-servic"}
info: test from index.mjs {"service":"user-servic"}
info: test from index.mjs {"service":"user-servic"}
info: test from index.mjs {"service":"user-servic"}
info: test from index.mjs {"service":"user-servic"}
info: test from index.mjs {"service":"user-servic"}
info: test from index.mjs {"service":"user-servic"}
info: test from index.mjs {"service":"user-servic"}
info: test from index.mjs {"service":"user-servic"}
info: test from index.mjs {"service":"user-servic"}
info: test from index.mjs {"service":"user-servic"}
info: test from index.mjs {"service":"user-servic"}
info: test from index.mjs {"service":"user-servic"}
info: test from index.mjs {"service":"user-servic"}
info: test from index.mjs {"service":"user-servic"}
info: test from index.mjs {"service":"user-servic"}
info: test from index.mjs {"service":"user-servic"}
info: test from index.mjs {"service":"user-servic"}
info: test from index.mjs {"service":"user-servic"}
info: test from index.mjs {"service":"user-servic"}
info: test from index.mjs {"service":"user-servic"}
info: test from index.mjs {"service":"user-servic"}
info: test from index.mjs {"service":"user-servic"}
info: test from index.mjs {"service":"user-servic"}
info: test from index.mjs {"service":"user-servic"}
info: test from index.mjs {"service":"user-servic"}
info: test from index.mjs {"service":"user-servic"}
info: test from index.mjs {"service":"user-servic"}
info: test from index.mjs {"service":"user-servic"}
info: test from index.mjs {"service":"user-servic"}
info: test from index.mjs {"service":"user-servic"}
info: test from index.mjs {"service":"user-servic"}
info: test from index.mjs {"service":"user-servic"}
info: test from index.mjs {"service":"user-servic"}
info: test from index.mjs {"service":"user-servic"}
info: test from index.mjs {"service":"user-servic"}
info: test from index.mjs {"service":"user-servic"}
info: test from index.mjs {"service":"user-servic"}
info: test from index.mjs {"service":"user-servic"}
info: test from index.mjs {"service":"user-servic"}
info: test from index.mjs {"service":"user-servic"}
info: test from index.mjs {"service":"user-servic"}
info: test from index.mjs {"service":"user-servic"}
info: test from index.mjs {"service":"user-servic"}
info: test from index.mjs {"service":"user-servic"}
info: test from index.mjs {"service":"user-servic"}
info: test from index.mjs {"service":"user-servic"}
info: test from index.mjs {"service":"user-servic"}
info: test from index.mjs {"service":"user-servic"}
info: test from index.mjs {"service":"user-servic"}
info: test from index.mjs {"service":"user-servic"}
info: test from index.mjs {"service":"user-servic"}
info: test from index.mjs {"service":"user-servic"}
info: test from index.mjs {"service":"user-servic"}
info: test from index.mjs {"service":"user-servic"}
info: test from index.mjs {"service":"user-servic"}
info: test from index.mjs {"service":"user-servic"}
info: test from index.mjs {"service":"user-servic"}
info: test from index.mjs {"service":"user-servic"}
info: test from index.mjs {"service":"user-servic"}
info: test from index.mjs {"service":"user-servic"}
info: test from index.mjs {"service":"user-servic"}
info: test from index.mjs {"service":"user-servic"}
info: test from index.mjs {"service":"user-servic"}
info: test from index.mjs {"service":"user-servic"}
info: test from index.mjs {"service":"user-servic"}
info: test from index.mjs {"service":"user-servic"}
info: test from index.mjs {"service":"user-servic"}
info: test from index.mjs {"service":"user-servic"}
info: test from index.mjs {"service":"user-servic"}
info: test from index.mjs {"service":"user-servic"}
info: test from index.mjs {"service":"user-servic"}
info: test from index.mjs {"service":"user-servic"}
info: test from index.mjs {"service":"user-servic"}
info: test from index.mjs {"service":"user-servic"}
info: test from index.mjs {"service":"user-servic"}
info: test from index.mjs {"service":"user-servic"}
info: httplocalhost {"service":"user-servic"}
info: test from index.mjs {"service":"user-servic"}
info: test from index.mjs {"service":"user-servic"}
info: test from index.mjs 2 {"service":"user-servic"}
info: test from index.mjs 2 {"service":"user-servic"}
info: test from index.mjs 2 {"service":"user-servic"}
info: test from index.mjs 2 {"service":"user-servic"}
info: test from index.mjs 2 {"service":"user-servic"}
info: http://localhost {"service":"user-servic"}
info: http://localhost {"service":"user-servic"}
info: http://localhost {"service":"user-servic"}
info: http://localhost {"service":"user-servic"}
info: test from index.mjs 2 {"service":"user-servic"}
info: http://localhost {"service":"user-servic"}
info: test from index.mjs 2 {"service":"user-servic"}
info: http://localhost {"service":"user-servic"}
info: http://localhost {"service":"user-servic"}
info: http://localhost {"service":"user-servic"}
info: http://localhost {"service":"user-servic"}
info: http://localhost {"service":"user-servic"}
info: http://localhost {"service":"user-servic"}
info: http://localhost {"service":"user-servic"}
info: http://localhost {"service":"user-servic"}
info: http://localhost {"service":"user-servic"}
info: http://localhost {"service":"user-servic"}
info: http://localhost {"service":"user-servic"}
info: http://localhost {"service":"user-servic"}
info: http://localhost {"service":"user-servic"}
info: http://localhost {"service":"user-servic"}
info: http://localhost {"service":"user-servic"}
info: http://localhost {"service":"user-servic"}
info: http://localhost {"service":"user-servic"}
info: http://localhost {"service":"user-servic"}
info: http://localhost {"service":"user-servic"}
info: http://localhost {"service":"user-servic"}
info: http://localhost {"service":"user-servic"}
info: http://localhost {"service":"user-servic"}
info: http://localhost {"service":"user-servic"}
info: http://localhost {"service":"user-servic"}
info: http://localhost {"service":"user-servic"}
info: http://localhost {"service":"user-servic"}
info: http://localhost {"service":"user-servic"}
info: test from index.mjs 2 {"service":"user-servic"}
info: test from index.mjs 2 {"service":"user-servic"}
info: test from index.mjs 2 {"service":"user-servic"}
info: test from index.mjs 2 {"service":"user-servic"}
info: test from index.mjs 2 {"service":"user-servic"}
info: test from index.mjs 2 {"service":"user-servic"}
info: test from index.mjs 2 {"service":"user-servic"}
info: test from index.mjs 2 {"service":"user-servic"}
info: test from index.mjs 2 {"service":"user-servic"}
info: test from index.mjs 2 {"service":"user-servic"}
info: test from index.mjs 2 {"service":"user-servic"}
info: test from index.mjs 2 {"service":"user-servic"}
info: test from index.mjs 2 {"service":"user-servic"}
info: test from index.mjs 2 {"service":"user-servic"}
info: test from index.mjs 2 {"service":"user-servic"}
info: in insert user {"service":"user-servic"}
info: test from index.mjs 2 {"service":"user-servic"}
info: in insert user {"service":"user-servic"}
info: test from index.mjs 2 {"service":"user-servic"}
info: in insert user logger {"service":"user-servic"}
info: test from index.mjs 2 {"service":"user-servic"}
info: in insert user logger {"service":"user-servic"}
info: test from index.mjs 2 {"service":"user-servic"}
info: in insert user logger {"service":"user-servic"}
info: test from index.mjs 2 {"service":"user-servic"}
info: in insert user logger {"service":"user-servic"}
info: test from index.mjs 2 {"service":"user-servic"}
info: http://localhost {"service":"user-servic"}
info: in insert user logger {"service":"user-servic"}
info: test from index.mjs 2 {"service":"user-servic"}
info: in insert user logger {"service":"user-servic"}
info: test from index.mjs 2 {"service":"user-servic"}
info: in insert user logger 2 {"service":"user-servic"}
info: test from index.mjs 2 {"service":"user-servic"}
info: in insert user logger 2 {"service":"user-servic"}
info: test from index.mjs 2 {"service":"user-servic"}
info: in insert user logger 2 {"service":"default","date":"2020-02-05T20:28:45.215Z"}
info: test from index.mjs 2 {"service":"default","date":"2020-02-05T20:28:45.215Z"}
info: in insert user logger 2 {"service":"default","date":"2020-02-05T20:31:52.903Z"}
info: test from index.mjs 2 {"service":"default","date":"2020-02-05T20:31:52.903Z"}
info: in insert user logger 2 {"service":"default","date":"2020-02-05T20:32:30.867Z"}
info: test from index.mjs 2 {"service":"default","date":"2020-02-05T20:32:30.867Z"}
info: [object Object] {"service":"default","date":"2020-02-05T20:32:30.867Z"}
info: error connectingError: getaddrinfo ENOTFOUND https://tab4lioz.beget.tech/
    at GetAddrInfoReqWrap.onlookup [as oncomplete] (dns.js:60:26) {"service":"default","date":"2020-02-05T20:32:30.867Z"}
info: in insert user logger 2 {"service":"default","date":"2020-02-05T20:36:33.262Z"}
info: test from index.mjs 2 {"service":"default","date":"2020-02-05T20:36:33.262Z"}
info: in insert user logger 2 {"service":"default","date":"2020-02-05T20:40:08.823Z"}
info: test from index.mjs 2 {"service":"default","date":"2020-02-05T20:40:08.823Z"}
info: in insert user logger 2 {"service":"default","date":"2020-02-05T20:40:17.465Z"}
info: test from index.mjs 2 {"service":"default","date":"2020-02-05T20:40:17.465Z"}
info: in insert user logger 2 {"service":"default","date":"2020-02-05T20:41:20.804Z"}
info: test from index.mjs 2 {"service":"default","date":"2020-02-05T20:41:20.804Z"}
info: in insert user logger 2 {"service":"default","date":"2020-02-05T20:58:09.482Z"}
info: test from index.mjs 2 {"service":"default","date":"2020-02-05T20:58:09.482Z"}
info: in insert user logger 2 {"service":"default","date":"2020-02-05T21:01:12.026Z"}
info: test from index.mjs 2 {"service":"default","date":"2020-02-05T21:01:12.026Z"}
info: in insert user logger 2 {"service":"default","date":"2020-02-05T21:01:34.256Z"}
info: test from index.mjs 2 {"service":"default","date":"2020-02-05T21:01:34.256Z"}
info: in insert user logger 2 {"service":"default","date":"2020-02-05T21:01:54.297Z"}
info: {} {"service":"default","date":"2020-02-05T21:01:54.297Z"}
info: test from index.mjs 2 {"service":"default","date":"2020-02-05T21:01:54.297Z"}
info: in insert user logger 2 {"service":"default","date":"2020-02-05T21:02:24.512Z"}
info: {} {"service":"default","date":"2020-02-05T21:02:24.512Z"}
info: test from index.mjs 2 {"service":"default","date":"2020-02-05T21:02:24.512Z"}
info: in insert user logger 2 {"service":"default","date":"2020-02-05T21:05:13.566Z"}
info: trying reading file {"service":"default","date":"2020-02-05T21:05:13.566Z"}
info: test from index.mjs 2 {"service":"default","date":"2020-02-05T21:05:13.566Z"}
info: {"type":"Buffer","data":[101,120,112,111,114,116,32,100,101,102,97,117,108,116,32,123,13,10,32,32,32,32,104,111,115,116,58,32,39,104,116,116,112,115,58,47,47,116,97,98,52,108,105,111,122,46,98,101,103,101,116,46,116,101,99,104,47,39,44,13,10,32,32,32,32,117,115,101,114,58,32,39,116,97,98,52,108,105,111,122,95,115,116,100,115,39,44,13,10,32,32,32,32,100,97,116,97,98,97,115,101,58,32,39,116,97,98,52,108,105,111,122,46,98,101,103,101,116,46,116,101,99,104,39,44,13,10,32,32,32,32,112,97,115,115,119,111,114,100,58,32,39,76,105,109,112,111,112,111,50,42,39,44,13,10,125,59]} {"service":"default","date":"2020-02-05T21:05:13.566Z"}
info: in insert user logger 2 {"service":"default","date":"2020-02-05T21:06:18.503Z"}
info: trying reading file {"service":"default","date":"2020-02-05T21:06:18.503Z"}
info: test from index.mjs 2 {"service":"default","date":"2020-02-05T21:06:18.503Z"}
info: {"type":"Buffer","data":[123,13,10,32,32,32,32,34,104,111,115,116,34,58,32,34,104,116,116,112,115,58,47,47,116,97,98,52,108,105,111,122,46,98,101,103,101,116,46,116,101,99,104,47,34,44,13,10,32,32,32,32,34,117,115,101,114,34,58,32,34,116,97,98,52,108,105,111,122,95,115,116,100,115,34,44,13,10,32,32,32,32,34,100,97,116,97,98,97,115,101,34,58,32,34,116,97,98,52,108,105,111,122,46,98,101,103,101,116,46,116,101,99,104,34,44,13,10,32,32,32,32,34,112,97,115,115,119,111,114,100,34,58,32,34,76,105,109,112,111,112,111,50,42,34,13,10,125]} {"service":"default","date":"2020-02-05T21:06:18.503Z"}
info: in insert user logger 2 {"service":"default","date":"2020-02-05T21:08:47.794Z"}
info: trying reading file {"service":"default","date":"2020-02-05T21:08:47.794Z"}
info: test from index.mjs 2 {"service":"default","date":"2020-02-05T21:08:47.794Z"}
info: Error: ENOENT: no such file or directory, open 'C:\code\wob203s\build\secrets\mysql-connection.json' {"service":"default","date":"2020-02-05T21:08:47.794Z"}
info: http://localhost {"service":"default","date":"2020-02-05T21:08:47.794Z"}
info: http://localhost {"service":"default","date":"2020-02-05T21:08:47.794Z"}
info: in insert user logger 2 {"service":"default","date":"2020-02-07T18:59:32.115Z"}
info: trying reading file {"service":"default","date":"2020-02-07T18:59:32.115Z"}
info: test from index.mjs 2 {"service":"default","date":"2020-02-07T18:59:32.115Z"}
info: Error: ENOENT: no such file or directory, open 'C:\code\wob203s\build\secrets\mysql-connection.json' {"service":"default","date":"2020-02-07T18:59:32.115Z"}
info: http://localhost {"service":"default","date":"2020-02-07T18:59:32.115Z"}
info: in insert user logger 2 {"service":"default","date":"2020-02-07T19:06:04.999Z"}
info: trying reading file {"service":"default","date":"2020-02-07T19:06:04.999Z"}
info: test from index.mjs 2 {"service":"default","date":"2020-02-07T19:06:04.999Z"}
info: Error: ENOENT: no such file or directory, open 'C:\code\wob203s\build\secrets\mysql-connection.json' {"service":"default","date":"2020-02-07T19:06:04.999Z"}
info: in insert user logger 2 {"service":"default","date":"2020-02-07T19:09:14.137Z"}
info: trying reading file {"service":"default","date":"2020-02-07T19:09:14.137Z"}
info: test from index.mjs 2 {"service":"default","date":"2020-02-07T19:09:14.137Z"}
info: Error: ENOENT: no such file or directory, open 'C:\code\wob203s\build\secrets\mysql-connection.json' {"service":"default","date":"2020-02-07T19:09:14.137Z"}
info: in insert user logger 2 {"service":"default","date":"2020-02-07T19:17:32.532Z"}
info: trying reading file {"service":"default","date":"2020-02-07T19:17:32.532Z"}
info: test from index.mjs 2 {"service":"default","date":"2020-02-07T19:17:32.532Z"}
info: Error: ENOENT: no such file or directory, open 'C:\code\wob203s\build\secrets\mysql-connection.json' {"service":"default","date":"2020-02-07T19:17:32.532Z"}
info: in insert user logger 2 {"service":"default","date":"2020-02-07T19:18:42.157Z"}
info: trying reading file {"service":"default","date":"2020-02-07T19:18:42.157Z"}
info: test from index.mjs 2 {"service":"default","date":"2020-02-07T19:18:42.157Z"}
info: Error: ENOENT: no such file or directory, open 'C:\code\wob203s\build\secrets\mysql-connection.json' {"service":"default","date":"2020-02-07T19:18:42.157Z"}
info: {"host":"localhost","user":"tab4lioz_stds","database":"tab4lioz_stds","password":"Limpopo2*"} {"service":"default","date":"2020-02-07T19:18:42.157Z"}
info: error connectingError: Access denied for user 'tab4lioz_stds'@'localhost' (using password: YES)
    at Packet.asError (webpack:///./node_modules/mysql2/lib/packets/packet.js?:863:17)
    at ClientHandshake.execute (webpack:///./node_modules/mysql2/lib/commands/command.js?:62:26)
    at Connection.handlePacket (webpack:///./node_modules/mysql2/lib/connection.js?:477:32)
    at PacketParser.eval [as onPacket] (webpack:///./node_modules/mysql2/lib/connection.js?:109:13)
    at PacketParser.executeStart (webpack:///./node_modules/mysql2/lib/packet_parser.js?:91:18)
    at Socket.eval (webpack:///./node_modules/mysql2/lib/connection.js?:118:26)
    at Socket.emit (events.js:210:5)
    at addChunk (_stream_readable.js:308:12)
    at readableAddChunk (_stream_readable.js:289:11)
    at Socket.Readable.push (_stream_readable.js:223:10) {"service":"default","date":"2020-02-07T19:18:42.157Z"}
info: in insert user logger 2 {"service":"default","date":"2020-02-07T19:24:39.524Z"}
info: trying reading file {"service":"default","date":"2020-02-07T19:24:39.524Z"}
info: test from index.mjs 2 {"service":"default","date":"2020-02-07T19:24:39.524Z"}
info: Error: ENOENT: no such file or directory, open 'C:\code\wob203s\build\secrets\mysql-connection.json' {"service":"default","date":"2020-02-07T19:24:39.524Z"}
info: {"host":"localhost","user":"tab4lioz_stds","database":"tab4lioz_stds","password":"Limpopo2*"} {"service":"default","date":"2020-02-07T19:24:39.524Z"}
info: error connectingError: Access denied for user 'tab4lioz_stds'@'localhost' (using password: YES)
    at Packet.asError (webpack:///./node_modules/mysql2/lib/packets/packet.js?:863:17)
    at ClientHandshake.execute (webpack:///./node_modules/mysql2/lib/commands/command.js?:62:26)
    at Connection.handlePacket (webpack:///./node_modules/mysql2/lib/connection.js?:477:32)
    at PacketParser.eval [as onPacket] (webpack:///./node_modules/mysql2/lib/connection.js?:109:13)
    at PacketParser.executeStart (webpack:///./node_modules/mysql2/lib/packet_parser.js?:91:18)
    at Socket.eval (webpack:///./node_modules/mysql2/lib/connection.js?:118:26)
    at Socket.emit (events.js:210:5)
    at addChunk (_stream_readable.js:308:12)
    at readableAddChunk (_stream_readable.js:289:11)
    at Socket.Readable.push (_stream_readable.js:223:10) {"service":"default","date":"2020-02-07T19:24:39.524Z"}
info: in insert user logger 2 {"service":"default","date":"2020-02-07T19:27:06.990Z"}
info: trying reading file {"service":"default","date":"2020-02-07T19:27:06.990Z"}
info: test from index.mjs 2 {"service":"default","date":"2020-02-07T19:27:06.990Z"}
info: Error: ENOENT: no such file or directory, open 'C:\code\wob203s\build\secrets\mysql-connection.json' {"service":"default","date":"2020-02-07T19:27:06.990Z"}
info: {"host":"localhost","user":"tab4lioz_stds","database":"tab4lioz_stds","password":"Limpopo2*"} {"service":"default","date":"2020-02-07T19:27:06.990Z"}
info: error connectingError: Access denied for user 'tab4lioz_stds'@'localhost' (using password: YES)
    at Packet.asError (webpack:///./node_modules/mysql2/lib/packets/packet.js?:863:17)
    at ClientHandshake.execute (webpack:///./node_modules/mysql2/lib/commands/command.js?:62:26)
    at Connection.handlePacket (webpack:///./node_modules/mysql2/lib/connection.js?:477:32)
    at PacketParser.eval [as onPacket] (webpack:///./node_modules/mysql2/lib/connection.js?:109:13)
    at PacketParser.executeStart (webpack:///./node_modules/mysql2/lib/packet_parser.js?:91:18)
    at Socket.eval (webpack:///./node_modules/mysql2/lib/connection.js?:118:26)
    at Socket.emit (events.js:210:5)
    at addChunk (_stream_readable.js:308:12)
    at readableAddChunk (_stream_readable.js:289:11)
    at Socket.Readable.push (_stream_readable.js:223:10) {"service":"default","date":"2020-02-07T19:27:06.990Z"}
info: {"host":"localhost","user":"tab4lioz_stds","database":"tab4lioz_stds","password":"Limpopo2*"} {"service":"default","date":"2020-02-07T19:27:06.990Z"}
info: error connectingError: Access denied for user 'tab4lioz_stds'@'localhost' (using password: YES)
    at Packet.asError (webpack:///./node_modules/mysql2/lib/packets/packet.js?:863:17)
    at ClientHandshake.execute (webpack:///./node_modules/mysql2/lib/commands/command.js?:62:26)
    at Connection.handlePacket (webpack:///./node_modules/mysql2/lib/connection.js?:477:32)
    at PacketParser.eval [as onPacket] (webpack:///./node_modules/mysql2/lib/connection.js?:109:13)
    at PacketParser.executeStart (webpack:///./node_modules/mysql2/lib/packet_parser.js?:91:18)
    at Socket.eval (webpack:///./node_modules/mysql2/lib/connection.js?:118:26)
    at Socket.emit (events.js:210:5)
    at addChunk (_stream_readable.js:308:12)
    at readableAddChunk (_stream_readable.js:289:11)
    at Socket.Readable.push (_stream_readable.js:223:10) {"service":"default","date":"2020-02-07T19:27:06.990Z"}
info: in insert user logger 2 {"service":"default","date":"2020-02-07T19:33:48.199Z"}
info: trying reading file {"service":"default","date":"2020-02-07T19:33:48.199Z"}
info: test from index.mjs 2 {"service":"default","date":"2020-02-07T19:33:48.199Z"}
info: Error: ENOENT: no such file or directory, open 'C:\code\wob203s\build\secrets\mysql-connection.json' {"service":"default","date":"2020-02-07T19:33:48.199Z"}
info: in insert user logger 2 {"service":"default","date":"2020-02-07T19:33:51.252Z"}
info: trying reading file {"service":"default","date":"2020-02-07T19:33:51.252Z"}
info: test from index.mjs 2 {"service":"default","date":"2020-02-07T19:33:51.252Z"}
info: Error: ENOENT: no such file or directory, open 'C:\code\wob203s\build\secrets\mysql-connection.json' {"service":"default","date":"2020-02-07T19:33:51.252Z"}
info: in insert user logger 2 {"service":"default","date":"2020-02-07T19:33:58.558Z"}
info: trying reading file {"service":"default","date":"2020-02-07T19:33:58.558Z"}
info: test from index.mjs 2 {"service":"default","date":"2020-02-07T19:33:58.558Z"}
info: Error: ENOENT: no such file or directory, open 'C:\code\wob203s\build\secrets\mysql-connection.json' {"service":"default","date":"2020-02-07T19:33:58.558Z"}
info: in insert user logger 2 {"service":"default","date":"2020-02-07T19:34:49.951Z"}
info: trying reading file {"service":"default","date":"2020-02-07T19:34:49.951Z"}
info: test from index.mjs 2 {"service":"default","date":"2020-02-07T19:34:49.951Z"}
info: Error: ENOENT: no such file or directory, open 'C:\code\wob203s\build\secrets\mysql-connection.json' {"service":"default","date":"2020-02-07T19:34:49.951Z"}
info: {"host":"localhost","user":"tab4lioz_stds","database":"tab4lioz_stds","password":"Bravo2Alpha1!"} {"service":"default","date":"2020-02-07T19:34:49.951Z"}
info: error connectingError: Access denied for user 'tab4lioz_stds'@'localhost' to database 'tab4lioz_stds'
    at Packet.asError (webpack:///./node_modules/mysql2/lib/packets/packet.js?:863:17)
    at ClientHandshake.execute (webpack:///./node_modules/mysql2/lib/commands/command.js?:62:26)
    at Connection.handlePacket (webpack:///./node_modules/mysql2/lib/connection.js?:477:32)
    at PacketParser.eval [as onPacket] (webpack:///./node_modules/mysql2/lib/connection.js?:109:13)
    at PacketParser.executeStart (webpack:///./node_modules/mysql2/lib/packet_parser.js?:91:18)
    at Socket.eval (webpack:///./node_modules/mysql2/lib/connection.js?:118:26)
    at Socket.emit (events.js:210:5)
    at addChunk (_stream_readable.js:308:12)
    at readableAddChunk (_stream_readable.js:289:11)
    at Socket.Readable.push (_stream_readable.js:223:10) {"service":"default","date":"2020-02-07T19:34:49.951Z"}
info: {"host":"localhost","user":"tab4lioz_stds","database":"tab4lioz_stds","password":"Bravo2Alpha1!"} {"service":"default","date":"2020-02-07T19:34:49.951Z"}
info: error connectingError: Access denied for user 'tab4lioz_stds'@'localhost' to database 'tab4lioz_stds'
    at Packet.asError (webpack:///./node_modules/mysql2/lib/packets/packet.js?:863:17)
    at ClientHandshake.execute (webpack:///./node_modules/mysql2/lib/commands/command.js?:62:26)
    at Connection.handlePacket (webpack:///./node_modules/mysql2/lib/connection.js?:477:32)
    at PacketParser.eval [as onPacket] (webpack:///./node_modules/mysql2/lib/connection.js?:109:13)
    at PacketParser.executeStart (webpack:///./node_modules/mysql2/lib/packet_parser.js?:91:18)
    at Socket.eval (webpack:///./node_modules/mysql2/lib/connection.js?:118:26)
    at Socket.emit (events.js:210:5)
    at addChunk (_stream_readable.js:308:12)
    at readableAddChunk (_stream_readable.js:289:11)
    at Socket.Readable.push (_stream_readable.js:223:10) {"service":"default","date":"2020-02-07T19:34:49.951Z"}
info: http://127.0.0.1 {"service":"default","date":"2020-02-07T19:34:49.951Z"}
info: http://127.0.0.1 {"service":"default","date":"2020-02-07T19:34:49.951Z"}
info: {"host":"localhost","user":"tab4lioz_stds","database":"tab4lioz_stds","password":"Bravo2Alpha1!"} {"service":"default","date":"2020-02-07T19:34:49.951Z"}
info: http://localhost {"service":"default","date":"2020-02-07T19:34:49.951Z"}
info: in insert user logger 2 {"service":"default","date":"2020-02-07T20:24:51.990Z"}
info: trying reading file {"service":"default","date":"2020-02-07T20:24:51.990Z"}
info: test from index.mjs 2 {"service":"default","date":"2020-02-07T20:24:51.990Z"}
info: Error: ENOENT: no such file or directory, open 'C:\code\wob203s\build\secrets\mysql-connection.json' {"service":"default","date":"2020-02-07T20:24:51.990Z"}
info: {"host":"localhost","user":"tab4lioz_stds","database":"tab4lioz_stds","password":"Bravo2Alpha1!"} {"service":"default","date":"2020-02-07T20:24:51.990Z"}
info: in insert user logger 2 {"service":"default","date":"2020-02-07T20:25:23.204Z"}
info: trying reading file {"service":"default","date":"2020-02-07T20:25:23.204Z"}
info: test from index.mjs 2 {"service":"default","date":"2020-02-07T20:25:23.204Z"}
info: Error: ENOENT: no such file or directory, open 'C:\code\wob203s\build\secrets\mysql-connection.json' {"service":"default","date":"2020-02-07T20:25:23.204Z"}
info: {"host":"localhost","user":"tab4lioz_stds","database":"tab4lioz_stds","password":"Bravo2Alpha1!"} {"service":"default","date":"2020-02-07T20:25:23.204Z"}
info: in insert user logger 2 {"service":"default","date":"2020-02-07T20:25:30.273Z"}
info: trying reading file {"service":"default","date":"2020-02-07T20:25:30.273Z"}
info: test from index.mjs 2 {"service":"default","date":"2020-02-07T20:25:30.273Z"}
info: Error: ENOENT: no such file or directory, open 'C:\code\wob203s\build\secrets\mysql-connection.json' {"service":"default","date":"2020-02-07T20:25:30.273Z"}
info: {"host":"localhost","user":"tab4lioz_stds","database":"tab4lioz_stds","password":"Bravo2Alpha1!"} {"service":"default","date":"2020-02-07T20:25:30.273Z"}
info: in insert user logger 2 {"service":"default","date":"2020-02-07T20:26:07.350Z"}
info: trying reading file {"service":"default","date":"2020-02-07T20:26:07.350Z"}
info: test from index.mjs 2 {"service":"default","date":"2020-02-07T20:26:07.350Z"}
info: Error: ENOENT: no such file or directory, open 'C:\code\wob203s\build\secrets\mysql-connection.json' {"service":"default","date":"2020-02-07T20:26:07.350Z"}
info: {"host":"localhost","user":"tab4lioz_stds","database":"tab4lioz_stds","password":"Bravo2Alpha1!"} {"service":"default","date":"2020-02-07T20:26:07.350Z"}
info: http://localhost {"service":"default","date":"2020-02-07T20:26:07.350Z"}
info: in insert user logger 2 {"service":"default","date":"2020-02-07T20:26:22.018Z"}
info: trying reading file {"service":"default","date":"2020-02-07T20:26:22.018Z"}
info: test from index.mjs 2 {"service":"default","date":"2020-02-07T20:26:22.018Z"}
info: Error: ENOENT: no such file or directory, open 'C:\code\wob203s\build\secrets\mysql-connection.json' {"service":"default","date":"2020-02-07T20:26:22.018Z"}
info: {"host":"localhost","user":"tab4lioz_stds","database":"tab4lioz_stds","password":"Bravo2Alpha1!"} {"service":"default","date":"2020-02-07T20:26:22.018Z"}
info: http://localhost {"service":"default","date":"2020-02-07T20:26:22.018Z"}
info: in insert user logger 2 {"service":"default","date":"2020-02-07T20:40:05.806Z"}
info: trying reading file {"service":"default","date":"2020-02-07T20:40:05.806Z"}
info: test from index.mjs 2 {"service":"default","date":"2020-02-07T20:40:05.806Z"}
info: Error: ENOENT: no such file or directory, open 'C:\code\wob203s\build\secrets\mysql-connection.json' {"service":"default","date":"2020-02-07T20:40:05.806Z"}
info: {"host":"localhost","user":"tab4lioz_stds","database":"tab4lioz_stds","password":"Bravo2Alpha1!"} {"service":"default","date":"2020-02-07T20:40:05.806Z"}
info: http://localhost {"service":"default","date":"2020-02-07T20:40:05.806Z"}
info: {"host":"localhost","user":"tab4lioz_stds","database":"tab4lioz_stds","password":"Bravo2Alpha1!"} {"service":"default","date":"2020-02-07T20:40:05.806Z"}
info: http://localhost {"service":"default","date":"2020-02-07T20:40:05.806Z"}
info: in insert user logger 2 {"service":"default","date":"2020-02-07T20:45:35.682Z"}
info: "C:\\code\\wob203s\\secrets\\mysql-connection.json" {"service":"default","date":"2020-02-07T20:45:35.682Z"}
info: trying reading file {"service":"default","date":"2020-02-07T20:45:35.682Z"}
info: test from index.mjs 2 {"service":"default","date":"2020-02-07T20:45:35.682Z"}
info: Error: ENOENT: no such file or directory, open 'C:\code\wob203s\build\secrets\mysql-connection.json' {"service":"default","date":"2020-02-07T20:45:35.682Z"}
info: {"host":"localhost","user":"tab4lioz_stds","database":"tab4lioz_stds","password":"Bravo2Alpha1!"} {"service":"default","date":"2020-02-07T20:45:35.682Z"}
info: http://localhost {"service":"default","date":"2020-02-07T20:45:35.682Z"}
info: in insert user logger 2 {"service":"default","date":"2020-02-07T20:48:26.534Z"}
info: "C:\\code\\wob203s\\secrets\\mysql-connection.json" {"service":"default","date":"2020-02-07T20:48:26.534Z"}
info: trying reading file {"service":"default","date":"2020-02-07T20:48:26.534Z"}
info: test from index.mjs 2 {"service":"default","date":"2020-02-07T20:48:26.534Z"}
info: Error: ENOENT: no such file or directory, open 'C:\code\wob203s\build\secrets\mysql-connection.json' {"service":"default","date":"2020-02-07T20:48:26.534Z"}
info: {"host":"localhost","user":"tab4lioz_stds","database":"tab4lioz_stds","password":"Bravo2Alpha1!"} {"service":"default","date":"2020-02-07T20:48:26.534Z"}
info: http://localhost {"service":"default","date":"2020-02-07T20:48:26.534Z"}
info: {"host":"localhost","user":"tab4lioz_stds","database":"tab4lioz_stds","password":"Bravo2Alpha1!"} {"service":"default","date":"2020-02-07T20:48:26.534Z"}
info: http://localhost {"service":"default","date":"2020-02-07T20:48:26.534Z"}
info: in insert user logger 2 {"service":"default","date":"2020-02-07T20:48:50.836Z"}
info: "C:\\code\\wob203s\\secrets\\mysql-connection.json" {"service":"default","date":"2020-02-07T20:48:50.836Z"}
info: trying reading file {"service":"default","date":"2020-02-07T20:48:50.836Z"}
info: test from index.mjs 2 {"service":"default","date":"2020-02-07T20:48:50.836Z"}
info: Error: ENOENT: no such file or directory, open 'C:\code\wob203s\build\secrets\mysql-connection.json' {"service":"default","date":"2020-02-07T20:48:50.836Z"}
info: in insert user logger 2 {"service":"default","date":"2020-02-07T20:49:01.587Z"}
info: "C:\\code\\wob203s\\secrets\\mysql-connection.json" {"service":"default","date":"2020-02-07T20:49:01.587Z"}
info: trying reading file {"service":"default","date":"2020-02-07T20:49:01.587Z"}
info: test from index.mjs 2 {"service":"default","date":"2020-02-07T20:49:01.587Z"}
info: {"type":"Buffer","data":[123,13,10,32,32,32,32,34,104,111,115,116,34,58,32,34,108,111,99,97,108,104,111,115,116,34,44,13,10,32,32,32,32,34,117,115,101,114,34,58,32,34,116,97,98,52,108,105,111,122,95,115,116,100,115,34,44,13,10,32,32,32,32,34,100,97,116,97,98,97,115,101,34,58,32,34,116,97,98,52,108,105,111,122,95,115,116,100,115,34,44,13,10,32,32,32,32,34,112,97,115,115,119,111,114,100,34,58,32,34,76,105,109,112,111,112,111,50,42,34,44,13,10,32,32,32,32,34,112,111,114,116,34,58,34,51,51,48,54,34,13,10,125]} {"service":"default","date":"2020-02-07T20:49:01.587Z"}
info: in insert user logger 2 {"service":"default","date":"2020-02-07T20:49:29.592Z"}
info: "C:\\code\\wob203s\\secrets\\mysql-connection.json" {"service":"default","date":"2020-02-07T20:49:29.592Z"}
info: trying reading file {"service":"default","date":"2020-02-07T20:49:29.592Z"}
info: test from index.mjs 2 {"service":"default","date":"2020-02-07T20:49:29.592Z"}
info: {"type":"Buffer","data":[123,13,10,32,32,32,32,34,104,111,115,116,34,58,32,34,108,111,99,97,108,104,111,115,116,34,44,13,10,32,32,32,32,34,117,115,101,114,34,58,32,34,116,97,98,52,108,105,111,122,95,115,116,100,115,34,44,13,10,32,32,32,32,34,100,97,116,97,98,97,115,101,34,58,32,34,116,97,98,52,108,105,111,122,95,115,116,100,115,34,44,13,10,32,32,32,32,34,112,97,115,115,119,111,114,100,34,58,32,34,76,105,109,112,111,112,111,50,42,34,44,13,10,32,32,32,32,34,112,111,114,116,34,58,34,51,51,48,54,34,13,10,125]} {"service":"default","date":"2020-02-07T20:49:29.592Z"}
info: in insert user logger 2 {"service":"default","date":"2020-02-07T20:49:46.845Z"}
info: "C:\\code\\wob203s\\secrets\\mysql-connection.json" {"service":"default","date":"2020-02-07T20:49:46.845Z"}
info: trying reading file {"service":"default","date":"2020-02-07T20:49:46.845Z"}
info: test from index.mjs 2 {"service":"default","date":"2020-02-07T20:49:46.845Z"}
info: {"type":"Buffer","data":[123,13,10,32,32,32,32,34,104,111,115,116,34,58,32,34,108,111,99,97,108,104,111,115,116,34,44,13,10,32,32,32,32,34,117,115,101,114,34,58,32,34,116,97,98,52,108,105,111,122,95,115,116,100,115,34,44,13,10,32,32,32,32,34,100,97,116,97,98,97,115,101,34,58,32,34,116,97,98,52,108,105,111,122,95,115,116,100,115,34,44,13,10,32,32,32,32,34,112,97,115,115,119,111,114,100,34,58,32,34,76,105,109,112,111,112,111,50,42,34,44,13,10,32,32,32,32,34,112,111,114,116,34,58,34,51,51,48,54,34,13,10,125]} {"service":"default","date":"2020-02-07T20:49:46.845Z"}
info: {"host":"localhost","user":"tab4lioz_stds","database":"tab4lioz_stds","password":"Bravo2Alpha1!"} {"service":"default","date":"2020-02-07T20:49:46.845Z"}
info: http://localhost {"service":"default","date":"2020-02-07T20:49:46.845Z"}
info: {"host":"localhost","user":"tab4lioz_stds","database":"tab4lioz_stds","password":"Bravo2Alpha1!"} {"service":"default","date":"2020-02-07T20:49:46.845Z"}
info: http://localhost {"service":"default","date":"2020-02-07T20:49:46.845Z"}
info: in insert user logger 2 {"service":"default","date":"2020-02-07T20:50:12.906Z"}
info: "C:\\code\\wob203s\\secrets\\mysql-connection.json" {"service":"default","date":"2020-02-07T20:50:12.906Z"}
info: trying reading file {"service":"default","date":"2020-02-07T20:50:12.906Z"}
info: test from index.mjs 2 {"service":"default","date":"2020-02-07T20:50:12.906Z"}
info: {"type":"Buffer","data":[123,13,10,32,32,32,32,34,104,111,115,116,34,58,32,34,108,111,99,97,108,104,111,115,116,34,44,13,10,32,32,32,32,34,117,115,101,114,34,58,32,34,116,97,98,52,108,105,111,122,95,115,116,100,115,34,44,13,10,32,32,32,32,34,100,97,116,97,98,97,115,101,34,58,32,34,116,97,98,52,108,105,111,122,95,115,116,100,115,34,44,13,10,32,32,32,32,34,112,97,115,115,119,111,114,100,34,58,32,34,76,105,109,112,111,112,111,50,42,34,44,13,10,32,32,32,32,34,112,111,114,116,34,58,34,51,51,48,54,34,13,10,125]} {"service":"default","date":"2020-02-07T20:50:12.906Z"}
info: {"host":"localhost","user":"tab4lioz_stds","database":"tab4lioz_stds","password":"Bravo2Alpha1!"} {"service":"default","date":"2020-02-07T20:50:12.906Z"}
info: http://localhost {"service":"default","date":"2020-02-07T20:50:12.906Z"}
info: {"host":"localhost","user":"tab4lioz_stds","database":"tab4lioz_stds","password":"Bravo2Alpha1!"} {"service":"default","date":"2020-02-07T20:50:12.906Z"}
info: http://localhost {"service":"default","date":"2020-02-07T20:50:12.906Z"}
info: in insert user logger 2 {"service":"default","date":"2020-02-07T21:00:37.580Z"}
info: "C:\\code\\wob203s\\secrets\\mysql-connection.json" {"service":"default","date":"2020-02-07T21:00:37.580Z"}
info: trying reading file {"service":"default","date":"2020-02-07T21:00:37.580Z"}
info: test from index.mjs 2 {"service":"default","date":"2020-02-07T21:00:37.580Z"}
info: {"type":"Buffer","data":[123,13,10,32,32,32,32,34,104,111,115,116,34,58,32,34,108,111,99,97,108,104,111,115,116,34,44,13,10,32,32,32,32,34,117,115,101,114,34,58,32,34,116,97,98,52,108,105,111,122,95,115,116,100,115,34,44,13,10,32,32,32,32,34,100,97,116,97,98,97,115,101,34,58,32,34,116,97,98,52,108,105,111,122,95,115,116,100,115,34,44,13,10,32,32,32,32,34,112,97,115,115,119,111,114,100,34,58,32,34,76,105,109,112,111,112,111,50,42,34,44,13,10,32,32,32,32,34,112,111,114,116,34,58,34,51,51,48,54,34,13,10,125]} {"service":"default","date":"2020-02-07T21:00:37.580Z"}
info: in insert user logger 2 {"service":"default","date":"2020-02-07T21:01:39.667Z"}
info: "C:\\code\\wob203s\\secrets\\mysql-connection.json" {"service":"default","date":"2020-02-07T21:01:39.667Z"}
info: trying reading file {"service":"default","date":"2020-02-07T21:01:39.667Z"}
info: test from index.mjs 2 {"service":"default","date":"2020-02-07T21:01:39.667Z"}
info: {"host":"localhost","user":"tab4lioz_stds","database":"tab4lioz_stds","password":"Limpopo2*","port":"3306"} {"service":"default","date":"2020-02-07T21:01:39.667Z"}
info: in insert user logger 2 {"service":"default","date":"2020-02-07T21:02:45.029Z"}
info: "C:\\code\\wob203s\\secrets\\mysql-connection.json" {"service":"default","date":"2020-02-07T21:02:45.029Z"}
info: trying reading file {"service":"default","date":"2020-02-07T21:02:45.029Z"}
info: test from index.mjs 2 {"service":"default","date":"2020-02-07T21:02:45.029Z"}
info: reading connection config {"service":"default","date":"2020-02-07T21:02:45.029Z"}
info: {"host":"localhost","user":"tab4lioz_stds","database":"tab4lioz_stds","password":"Limpopo2*","port":"3306"} {"service":"default","date":"2020-02-07T21:02:45.029Z"}
info: {"host":"localhost","user":"tab4lioz_stds","database":"tab4lioz_stds","password":"Bravo2Alpha1!"} {"service":"default","date":"2020-02-07T21:02:45.029Z"}
info: http://localhost {"service":"default","date":"2020-02-07T21:02:45.029Z"}
info: in insert user logger 2 {"service":"default","date":"2020-02-07T21:30:07.187Z"}
info: "C:\\code\\wob203s\\secrets\\mysql-connection.json" {"service":"default","date":"2020-02-07T21:30:07.187Z"}
info: trying reading file {"service":"default","date":"2020-02-07T21:30:07.187Z"}
info: test from index.mjs 2 {"service":"default","date":"2020-02-07T21:30:07.187Z"}
info: reading connection config {"service":"default","date":"2020-02-07T21:30:07.187Z"}
info: {"host":"localhost","user":"tab4lioz_stds","database":"tab4lioz_stds","password":"Limpopo2*","port":"3306"} {"service":"default","date":"2020-02-07T21:30:07.187Z"}
info: {"host":"localhost","user":"tab4lioz_stds","database":"tab4lioz_stds","password":"Bravo2Alpha1!"} {"service":"default","date":"2020-02-07T21:30:07.187Z"}
info: http://localhost {"service":"default","date":"2020-02-07T21:30:07.187Z"}
info: in insert user logger 2 {"service":"default","date":"2020-02-07T21:31:30.828Z"}
info: "C:\\code\\wob203s\\secrets\\mysql-connection.json" {"service":"default","date":"2020-02-07T21:31:30.828Z"}
info: trying reading file {"service":"default","date":"2020-02-07T21:31:30.828Z"}
info: test from index.mjs 2 {"service":"default","date":"2020-02-07T21:31:30.828Z"}
info: reading connection config {"service":"default","date":"2020-02-07T21:31:30.828Z"}
info: {"host":"localhost","user":"tab4lioz_stds","database":"tab4lioz_stds","password":"Limpopo2*","port":"3306"} {"service":"default","date":"2020-02-07T21:31:30.828Z"}
info: {"host":"localhost","user":"tab4lioz_stds","database":"tab4lioz_stds","password":"Bravo2Alpha1!"} {"service":"default","date":"2020-02-07T21:31:30.828Z"}
info: error connectingTypeError: Cannot read property 'once' of undefined
    at connect (webpack:///./node_modules/mysql2/lib/connection.js?:839:12)
    at internal/util.js:277:30
    at new Promise (<anonymous>)
    at connect (internal/util.js:276:12)
    at _callee2$ (webpack:///./src/routeHandlers/users/insert-user.js?:95:20)
    at tryCatch (webpack:///./node_modules/regenerator-runtime/runtime.js?:47:17)
    at Generator.invoke [as _invoke] (webpack:///./node_modules/regenerator-runtime/runtime.js?:266:22)
    at Generator.prototype.<computed> [as next] (webpack:///./node_modules/regenerator-runtime/runtime.js?:100:21)
    at asyncGeneratorStep (webpack:///./src/routeHandlers/users/insert-user.js?:20:115)
    at _next (webpack:///./src/routeHandlers/users/insert-user.js?:22:194) {"service":"default","date":"2020-02-07T21:31:30.828Z"}
info: in insert user logger 2 {"service":"default","date":"2020-02-07T21:31:59.628Z"}
info: "C:\\code\\wob203s\\secrets\\mysql-connection.json" {"service":"default","date":"2020-02-07T21:31:59.628Z"}
info: trying reading file {"service":"default","date":"2020-02-07T21:31:59.628Z"}
info: test from index.mjs 2 {"service":"default","date":"2020-02-07T21:31:59.628Z"}
info: reading connection config {"service":"default","date":"2020-02-07T21:31:59.628Z"}
info: {"host":"localhost","user":"tab4lioz_stds","database":"tab4lioz_stds","password":"Limpopo2*","port":"3306"} {"service":"default","date":"2020-02-07T21:31:59.628Z"}
info: {"host":"localhost","user":"tab4lioz_stds","database":"tab4lioz_stds","password":"Bravo2Alpha1!"} {"service":"default","date":"2020-02-07T21:31:59.628Z"}
info: error connectingTypeError: Cannot read property 'once' of undefined
    at connect (webpack:///./node_modules/mysql2/lib/connection.js?:839:12)
    at internal/util.js:277:30
    at new Promise (<anonymous>)
    at connect (internal/util.js:276:12)
    at _callee2$ (webpack:///./src/routeHandlers/users/insert-user.js?:96:20)
    at tryCatch (webpack:///./node_modules/regenerator-runtime/runtime.js?:47:17)
    at Generator.invoke [as _invoke] (webpack:///./node_modules/regenerator-runtime/runtime.js?:266:22)
    at Generator.prototype.<computed> [as next] (webpack:///./node_modules/regenerator-runtime/runtime.js?:100:21)
    at asyncGeneratorStep (webpack:///./src/routeHandlers/users/insert-user.js?:20:115)
    at _next (webpack:///./src/routeHandlers/users/insert-user.js?:22:194) {"service":"default","date":"2020-02-07T21:31:59.628Z"}
info: in insert user logger 2 {"service":"default","date":"2020-02-07T21:43:24.753Z"}
info: "C:\\code\\wob203s\\secrets\\mysql-connection.json" {"service":"default","date":"2020-02-07T21:43:24.753Z"}
info: trying reading file {"service":"default","date":"2020-02-07T21:43:24.753Z"}
info: test from index.mjs 2 {"service":"default","date":"2020-02-07T21:43:24.753Z"}
info: reading connection config {"service":"default","date":"2020-02-07T21:43:24.753Z"}
info: {"host":"localhost","user":"tab4lioz_stds","database":"tab4lioz_stds","password":"Limpopo2*","port":"3306"} {"service":"default","date":"2020-02-07T21:43:24.753Z"}
info: in insert user logger 2 {"service":"default","date":"2020-02-07T21:50:23.066Z"}
info: "C:\\code\\wob203s\\secrets\\mysql-connection.json" {"service":"default","date":"2020-02-07T21:50:23.066Z"}
info: trying reading file {"service":"default","date":"2020-02-07T21:50:23.066Z"}
info: test from index.mjs 2 {"service":"default","date":"2020-02-07T21:50:23.066Z"}
info: reading connection config {"service":"default","date":"2020-02-07T21:50:23.066Z"}
info: {"host":"localhost","user":"tab4lioz_stds","database":"tab4lioz_stds","password":"Limpopo2*","port":"3306"} {"service":"default","date":"2020-02-07T21:50:23.066Z"}
info: {"host":"localhost","user":"tab4lioz_stds","database":"tab4lioz_stds","password":"Bravo2Alpha1!"} {"service":"default","date":"2020-02-07T21:50:23.066Z"}
info: http://localhost {"service":"default","date":"2020-02-07T21:50:23.066Z"}
info: in insert user logger 2 {"service":"default","date":"2020-02-07T22:07:44.764Z"}
info: "C:\\code\\wob203s\\secrets\\mysql-connection.json" {"service":"default","date":"2020-02-07T22:07:44.764Z"}
info: trying reading file {"service":"default","date":"2020-02-07T22:07:44.764Z"}
info: test from index.mjs 2 {"service":"default","date":"2020-02-07T22:07:44.764Z"}
info: reading connection config {"service":"default","date":"2020-02-07T22:07:44.764Z"}
info: {"host":"localhost","user":"tab4lioz_stds","database":"tab4lioz_stds","password":"Limpopo2*","port":"3306"} {"service":"default","date":"2020-02-07T22:07:44.764Z"}
info: in insert user logger 2 {"service":"default","date":"2020-02-07T22:08:23.832Z"}
info: "C:\\code\\wob203s\\secrets\\mysql-connection.json" {"service":"default","date":"2020-02-07T22:08:23.832Z"}
info: trying reading file {"service":"default","date":"2020-02-07T22:08:23.832Z"}
info: test from index.mjs 2 {"service":"default","date":"2020-02-07T22:08:23.832Z"}
info: reading connection config {"service":"default","date":"2020-02-07T22:08:23.832Z"}
info: {"host":"localhost","user":"tab4lioz_stds","database":"tab4lioz_stds","password":"Limpopo2*","port":"3306"} {"service":"default","date":"2020-02-07T22:08:23.832Z"}
info: {"host":"localhost","user":"tab4lioz_stds","database":"tab4lioz_stds","password":"Bravo2Alpha1!"} {"service":"default","date":"2020-02-07T22:08:23.832Z"}
info: http://localhost {"service":"default","date":"2020-02-07T22:08:23.832Z"}
info: {"host":"localhost","user":"tab4lioz_stds","database":"tab4lioz_stds","password":"Bravo2Alpha1!"} {"service":"default","date":"2020-02-07T22:08:23.832Z"}
info: http://localhost {"service":"default","date":"2020-02-07T22:08:23.832Z"}
info: {"host":"localhost","user":"tab4lioz_stds","database":"tab4lioz_stds","password":"Bravo2Alpha1!"} {"service":"default","date":"2020-02-07T22:08:23.832Z"}
info: http://localhost {"service":"default","date":"2020-02-07T22:08:23.832Z"}
info: in insert user logger 2 {"service":"default","date":"2020-02-07T22:08:53.363Z"}
info: "C:\\code\\wob203s\\secrets\\mysql-connection.json" {"service":"default","date":"2020-02-07T22:08:53.363Z"}
info: trying reading file {"service":"default","date":"2020-02-07T22:08:53.363Z"}
info: test from index.mjs 2 {"service":"default","date":"2020-02-07T22:08:53.363Z"}
info: reading connection config {"service":"default","date":"2020-02-07T22:08:53.363Z"}
info: {"host":"localhost","user":"tab4lioz_stds","database":"tab4lioz_stds","password":"Limpopo2*","port":"3306"} {"service":"default","date":"2020-02-07T22:08:53.363Z"}
info: {"host":"localhost","user":"tab4lioz_stds","database":"tab4lioz_stds","password":"Bravo2Alpha1!"} {"service":"default","date":"2020-02-07T22:08:53.363Z"}
info: http://localhost {"service":"default","date":"2020-02-07T22:08:53.363Z"}
info: in insert user logger 2 {"service":"default","date":"2020-02-07T22:09:56.587Z"}
info: "C:\\code\\wob203s\\secrets\\mysql-connection.json" {"service":"default","date":"2020-02-07T22:09:56.587Z"}
info: trying reading file {"service":"default","date":"2020-02-07T22:09:56.587Z"}
info: test from index.mjs 2 {"service":"default","date":"2020-02-07T22:09:56.587Z"}
info: reading connection config {"service":"default","date":"2020-02-07T22:09:56.587Z"}
info: {"host":"localhost","user":"tab4lioz_stds","database":"tab4lioz_stds","password":"Limpopo2*","port":"3306"} {"service":"default","date":"2020-02-07T22:09:56.587Z"}
info: {"host":"localhost","user":"tab4lioz_stds","database":"tab4lioz_stds","password":"Bravo2Alpha1!"} {"service":"default","date":"2020-02-07T22:09:56.587Z"}
info: http://localhost {"service":"default","date":"2020-02-07T22:09:56.587Z"}
info: in insert user logger 2 {"service":"default","date":"2020-02-07T22:33:40.931Z"}
info: "C:\\code\\wob203s\\secrets\\mysql-connection.json" {"service":"default","date":"2020-02-07T22:33:40.931Z"}
info: trying reading file {"service":"default","date":"2020-02-07T22:33:40.931Z"}
info: test from index.mjs 2 {"service":"default","date":"2020-02-07T22:33:40.931Z"}
info: reading connection config {"service":"default","date":"2020-02-07T22:33:40.931Z"}
info: {"host":"localhost","user":"tab4lioz_stds","database":"tab4lioz_stds","password":"Limpopo2*","port":"3306"} {"service":"default","date":"2020-02-07T22:33:40.931Z"}
info: in insert user logger 2 {"service":"default","date":"2020-02-07T22:55:24.281Z"}
info: "C:\\code\\wob203s\\secrets\\mysql-connection.json" {"service":"default","date":"2020-02-07T22:55:24.281Z"}
info: trying reading file {"service":"default","date":"2020-02-07T22:55:24.281Z"}
info: test from index.mjs 2 {"service":"default","date":"2020-02-07T22:55:24.281Z"}
info: reading connection config {"service":"default","date":"2020-02-07T22:55:24.281Z"}
info: {"host":"localhost","user":"tab4lioz_stds","database":"tab4lioz_stds","password":"Limpopo2*","port":"3306"} {"service":"default","date":"2020-02-07T22:55:24.281Z"}
info: in insert user logger 2 {"service":"default","date":"2020-02-07T22:55:29.574Z"}
info: "C:\\code\\wob203s\\secrets\\mysql-connection.json" {"service":"default","date":"2020-02-07T22:55:29.574Z"}
info: trying reading file {"service":"default","date":"2020-02-07T22:55:29.574Z"}
info: test from index.mjs 2 {"service":"default","date":"2020-02-07T22:55:29.574Z"}
info: reading connection config {"service":"default","date":"2020-02-07T22:55:29.574Z"}
info: {"host":"localhost","user":"tab4lioz_stds","database":"tab4lioz_stds","password":"Limpopo2*","port":"3306"} {"service":"default","date":"2020-02-07T22:55:29.574Z"}
info: in insert user logger 2 {"service":"default","date":"2020-02-07T22:56:23.471Z"}
info: "C:\\code\\wob203s\\secrets\\mysql-connection.json" {"service":"default","date":"2020-02-07T22:56:23.471Z"}
info: trying reading file {"service":"default","date":"2020-02-07T22:56:23.471Z"}
info: test from index.mjs 2 {"service":"default","date":"2020-02-07T22:56:23.471Z"}
info: reading connection config {"service":"default","date":"2020-02-07T22:56:23.471Z"}
info: {"host":"localhost","user":"tab4lioz_stds","database":"tab4lioz_stds","password":"Limpopo2*","port":"3306"} {"service":"default","date":"2020-02-07T22:56:23.471Z"}
info: {"host":"localhost","user":"tab4lioz_stds","database":"tab4lioz_stds","password":"Bravo2Alpha1!"} {"service":"default","date":"2020-02-07T22:56:23.471Z"}
info: {"host":"localhost","user":"tab4lioz_stds","database":"tab4lioz_stds","password":"Bravo2Alpha1!"} {"service":"default","date":"2020-02-07T22:56:23.471Z"}
info: in insert user logger 2 {"service":"default","date":"2020-02-07T22:57:52.425Z"}
info: "C:\\code\\wob203s\\secrets\\mysql-connection.json" {"service":"default","date":"2020-02-07T22:57:52.425Z"}
info: trying reading file {"service":"default","date":"2020-02-07T22:57:52.425Z"}
info: test from index.mjs 2 {"service":"default","date":"2020-02-07T22:57:52.425Z"}
info: reading connection config {"service":"default","date":"2020-02-07T22:57:52.425Z"}
info: {"host":"localhost","user":"tab4lioz_stds","database":"tab4lioz_stds","password":"Limpopo2*","port":"3306"} {"service":"default","date":"2020-02-07T22:57:52.425Z"}
info: {"host":"localhost","user":"tab4lioz_stds","database":"tab4lioz_stds","password":"Bravo2Alpha1!"} {"service":"default","date":"2020-02-07T22:57:52.425Z"}
info: in insert user logger 2 {"service":"default","date":"2020-02-07T22:58:47.483Z"}
info: "C:\\code\\wob203s\\secrets\\mysql-connection.json" {"service":"default","date":"2020-02-07T22:58:47.483Z"}
info: trying reading file {"service":"default","date":"2020-02-07T22:58:47.483Z"}
info: test from index.mjs 2 {"service":"default","date":"2020-02-07T22:58:47.483Z"}
info: reading connection config {"service":"default","date":"2020-02-07T22:58:47.483Z"}
info: {"host":"localhost","user":"tab4lioz_stds","database":"tab4lioz_stds","password":"Limpopo2*","port":"3306"} {"service":"default","date":"2020-02-07T22:58:47.483Z"}
info: in insert user logger 2 {"service":"default","date":"2020-02-07T22:59:15.206Z"}
info: "C:\\code\\wob203s\\secrets\\mysql-connection.json" {"service":"default","date":"2020-02-07T22:59:15.206Z"}
info: trying reading file {"service":"default","date":"2020-02-07T22:59:15.206Z"}
info: test from index.mjs 2 {"service":"default","date":"2020-02-07T22:59:15.206Z"}
info: reading connection config {"service":"default","date":"2020-02-07T22:59:15.206Z"}
info: {"host":"localhost","user":"tab4lioz_stds","database":"tab4lioz_stds","password":"Limpopo2*","port":"3306"} {"service":"default","date":"2020-02-07T22:59:15.206Z"}
info: {"host":"localhost","user":"tab4lioz_stds","database":"tab4lioz_stds","password":"Bravo2Alpha1!"} {"service":"default","date":"2020-02-07T22:59:15.206Z"}
info: in insert user logger 2 {"service":"default","date":"2020-02-07T23:00:35.187Z"}
info: "C:\\code\\wob203s\\secrets\\mysql-connection.json" {"service":"default","date":"2020-02-07T23:00:35.187Z"}
info: trying reading file {"service":"default","date":"2020-02-07T23:00:35.187Z"}
info: test from index.mjs 2 {"service":"default","date":"2020-02-07T23:00:35.187Z"}
info: reading connection config {"service":"default","date":"2020-02-07T23:00:35.187Z"}
info: {"host":"localhost","user":"tab4lioz_stds","database":"tab4lioz_stds","password":"Bravo2Alpha1!","port":"3306"} {"service":"default","date":"2020-02-07T23:00:35.187Z"}
info: {"host":"localhost","user":"tab4lioz_stds","database":"tab4lioz_stds","password":"Bravo2Alpha1!"} {"service":"default","date":"2020-02-07T23:00:35.187Z"}
info: in insert user logger 2 {"service":"default","date":"2020-02-07T23:01:50.779Z"}
info: "C:\\code\\wob203s\\secrets\\mysql-connection.json" {"service":"default","date":"2020-02-07T23:01:50.779Z"}
info: trying reading file {"service":"default","date":"2020-02-07T23:01:50.779Z"}
info: test from index.mjs 2 {"service":"default","date":"2020-02-07T23:01:50.779Z"}
info: reading connection config {"service":"default","date":"2020-02-07T23:01:50.779Z"}
info: {"host":"localhost","user":"tab4lioz_stds","database":"tab4lioz_stds","password":"Bravo2Alpha1!","port":"3306"} {"service":"default","date":"2020-02-07T23:01:50.779Z"}
info: in insert user logger 2 {"service":"default","date":"2020-02-08T20:28:41.595Z"}
info: "C:\\code\\wob203s\\secrets\\mysql-connection.json" {"service":"default","date":"2020-02-08T20:28:41.595Z"}
info: trying reading file {"service":"default","date":"2020-02-08T20:28:41.595Z"}
info: test from index.mjs 2 {"service":"default","date":"2020-02-08T20:28:41.595Z"}
info: reading connection config {"service":"default","date":"2020-02-08T20:28:41.595Z"}
info: {"host":"localhost","user":"tab4lioz_stds","database":"tab4lioz_stds","password":"Bravo2Alpha1!","port":"3306"} {"service":"default","date":"2020-02-08T20:28:41.595Z"}
info: in insert user logger 2 {"service":"default","date":"2020-02-08T20:30:29.606Z"}
info: "C:\\code\\wob203s\\secrets\\mysql-connection.json" {"service":"default","date":"2020-02-08T20:30:29.606Z"}
info: trying reading file {"service":"default","date":"2020-02-08T20:30:29.606Z"}
info: test from index.mjs 2 {"service":"default","date":"2020-02-08T20:30:29.606Z"}
info: reading connection config {"service":"default","date":"2020-02-08T20:30:29.606Z"}
info: {"host":"localhost","user":"tab4lioz_stds","database":"tab4lioz_stds","password":"Bravo2Alpha1!","port":"3306"} {"service":"default","date":"2020-02-08T20:30:29.606Z"}
info: in insert user logger 2 {"service":"default","date":"2020-02-08T20:46:49.103Z"}
info: "C:\\code\\wob203s\\secrets\\mysql-connection.json" {"service":"default","date":"2020-02-08T20:46:49.103Z"}
info: trying reading file {"service":"default","date":"2020-02-08T20:46:49.103Z"}
info: test from index.mjs 2 {"service":"default","date":"2020-02-08T20:46:49.103Z"}
info: reading connection config {"service":"default","date":"2020-02-08T20:46:49.103Z"}
info: {"host":"localhost","user":"tab4lioz_stds","database":"tab4lioz_stds","password":"Bravo2Alpha1!","port":"3306"} {"service":"default","date":"2020-02-08T20:46:49.103Z"}
info: {"host":"localhost","user":"tab4lioz_stds","database":"tab4lioz_stds","password":"Bravo2Alpha1!"} {"service":"default","date":"2020-02-08T20:46:49.103Z"}
info: in insert user logger 2 {"service":"default","date":"2020-02-08T20:48:02.499Z"}
info: "C:\\code\\wob203s\\secrets\\mysql-connection.json" {"service":"default","date":"2020-02-08T20:48:02.499Z"}
info: trying reading file {"service":"default","date":"2020-02-08T20:48:02.499Z"}
info: test from index.mjs 2 {"service":"default","date":"2020-02-08T20:48:02.499Z"}
info: reading connection config {"service":"default","date":"2020-02-08T20:48:02.499Z"}
info: {"host":"localhost","user":"tab4lioz_stds","database":"tab4lioz_stds","password":"Bravo2Alpha1!","port":"3306"} {"service":"default","date":"2020-02-08T20:48:02.499Z"}
info: {"host":"localhost","user":"tab4lioz_stds","database":"tab4lioz_stds","password":"Bravo2Alpha1!"} {"service":"default","date":"2020-02-08T20:48:02.499Z"}
info: {"host":"localhost","user":"tab4lioz_stds","database":"tab4lioz_stds","password":"Bravo2Alpha1!"} {"service":"default","date":"2020-02-08T20:48:02.499Z"}
info: in insert user logger 2 {"service":"default","date":"2020-02-08T20:49:23.311Z"}
info: "C:\\code\\wob203s\\secrets\\mysql-connection.json" {"service":"default","date":"2020-02-08T20:49:23.311Z"}
info: trying reading file {"service":"default","date":"2020-02-08T20:49:23.311Z"}
info: test from index.mjs 2 {"service":"default","date":"2020-02-08T20:49:23.311Z"}
info: reading connection config {"service":"default","date":"2020-02-08T20:49:23.311Z"}
info: {"host":"localhost","user":"tab4lioz_stds","database":"tab4lioz_stds","password":"Bravo2Alpha1!","port":"3306"} {"service":"default","date":"2020-02-08T20:49:23.311Z"}
info: {"host":"localhost","user":"tab4lioz_stds","database":"tab4lioz_stds","password":"Bravo2Alpha1!"} {"service":"default","date":"2020-02-08T20:49:23.311Z"}
info: {"host":"localhost","user":"tab4lioz_stds","database":"tab4lioz_stds","password":"Bravo2Alpha1!"} {"service":"default","date":"2020-02-08T20:49:23.311Z"}
info: {"host":"localhost","user":"tab4lioz_stds","database":"tab4lioz_stds","password":"Bravo2Alpha1!"} {"service":"default","date":"2020-02-08T20:49:23.311Z"}
info: {"host":"localhost","user":"tab4lioz_stds","database":"tab4lioz_stds","password":"Bravo2Alpha1!"} {"service":"default","date":"2020-02-08T20:49:23.311Z"}
info: in insert user logger 2 {"service":"default","date":"2020-02-08T21:02:34.970Z"}
info: "C:\\code\\wob203s\\secrets\\mysql-connection.json" {"service":"default","date":"2020-02-08T21:02:34.970Z"}
info: trying reading file {"service":"default","date":"2020-02-08T21:02:34.970Z"}
info: test from index.mjs 2 {"service":"default","date":"2020-02-08T21:02:34.970Z"}
info: reading connection config {"service":"default","date":"2020-02-08T21:02:34.970Z"}
info: {"host":"localhost","user":"tab4lioz_stds","database":"tab4lioz_stds","password":"Bravo2Alpha1!","port":"3306"} {"service":"default","date":"2020-02-08T21:02:34.970Z"}
info: in insert user logger 2 {"service":"default","date":"2020-02-08T21:02:49.170Z"}
info: "C:\\code\\wob203s\\secrets\\mysql-connection.json" {"service":"default","date":"2020-02-08T21:02:49.170Z"}
info: trying reading file {"service":"default","date":"2020-02-08T21:02:49.170Z"}
info: test from index.mjs 2 {"service":"default","date":"2020-02-08T21:02:49.170Z"}
info: reading connection config {"service":"default","date":"2020-02-08T21:02:49.170Z"}
info: {"host":"localhost","user":"tab4lioz_stds","database":"tab4lioz_stds","password":"Bravo2Alpha1!","port":"3306"} {"service":"default","date":"2020-02-08T21:02:49.170Z"}
info: in insert user logger 2 {"service":"default","date":"2020-02-08T21:03:19.231Z"}
info: "C:\\code\\wob203s\\secrets\\mysql-connection.json" {"service":"default","date":"2020-02-08T21:03:19.231Z"}
info: trying reading file {"service":"default","date":"2020-02-08T21:03:19.231Z"}
info: test from index.mjs 2 {"service":"default","date":"2020-02-08T21:03:19.231Z"}
info: reading connection config {"service":"default","date":"2020-02-08T21:03:19.231Z"}
info: {"host":"localhost","user":"tab4lioz_stds","database":"tab4lioz_stds","password":"Bravo2Alpha1!","port":"3306"} {"service":"default","date":"2020-02-08T21:03:19.231Z"}
info: in insert user logger 2 {"service":"default","date":"2020-02-08T21:05:49.686Z"}
info: "C:\\code\\wob203s\\secrets\\mysql-connection.json" {"service":"default","date":"2020-02-08T21:05:49.686Z"}
info: trying reading file {"service":"default","date":"2020-02-08T21:05:49.686Z"}
info: test from index.mjs 2 {"service":"default","date":"2020-02-08T21:05:49.686Z"}
info: reading connection config {"service":"default","date":"2020-02-08T21:05:49.686Z"}
info: {"host":"localhost","user":"tab4lioz_stds","database":"tab4lioz_stds","password":"Bravo2Alpha1!","port":"3306"} {"service":"default","date":"2020-02-08T21:05:49.686Z"}
info: in insert user logger 2 {"service":"default","date":"2020-02-08T21:06:14.484Z"}
info: test from index.mjs 2 {"service":"default","date":"2020-02-08T21:06:14.484Z"}
info: in insert user logger 2 {"service":"default","date":"2020-02-08T21:07:31.414Z"}
info: test from index.mjs 2 {"service":"default","date":"2020-02-08T21:07:31.414Z"}
info: in insert user logger 2 {"service":"default","date":"2020-02-08T21:07:39.113Z"}
info: test from index.mjs 2 {"service":"default","date":"2020-02-08T21:07:39.113Z"}
info: in insert user logger 2 {"service":"default","date":"2020-02-08T21:07:51.680Z"}
info: test from index.mjs 2 {"service":"default","date":"2020-02-08T21:07:51.680Z"}
info: in insert user logger 2 {"service":"default","date":"2020-02-08T21:14:23.882Z"}
info: test from index.mjs 2 {"service":"default","date":"2020-02-08T21:14:23.882Z"}
info: in insert user logger 2 {"service":"default","date":"2020-02-08T21:16:19.376Z"}
info: test from index.mjs 2 {"service":"default","date":"2020-02-08T21:16:19.376Z"}
info: in insert user logger 2 {"service":"default","date":"2020-02-08T21:17:58.917Z"}
info: test from index.mjs 2 {"service":"default","date":"2020-02-08T21:17:58.917Z"}
info: in insert user logger 2 {"service":"default","date":"2020-02-08T21:18:08.445Z"}
info: test from index.mjs 2 {"service":"default","date":"2020-02-08T21:18:08.445Z"}
info: in insert user logger 2 {"service":"default","date":"2020-02-08T21:20:56.190Z"}
info: test from index.mjs 2 {"service":"default","date":"2020-02-08T21:20:56.190Z"}
info: in insert user logger 2 {"service":"default","date":"2020-02-08T21:22:30.989Z"}
info: test from index.mjs 2 {"service":"default","date":"2020-02-08T21:22:30.989Z"}
info: in insert user logger 2 {"service":"default","date":"2020-02-08T21:22:41.982Z"}
info: test from index.mjs 2 {"service":"default","date":"2020-02-08T21:22:41.982Z"}
info: in insert user logger 2 {"service":"default","date":"2020-02-08T21:24:16.823Z"}
info: test from index.mjs 2 {"service":"default","date":"2020-02-08T21:24:16.823Z"}
info: in insert user logger 2 {"service":"default","date":"2020-02-08T21:27:42.950Z"}
info: test from index.mjs 2 {"service":"default","date":"2020-02-08T21:27:42.950Z"}
info: in insert user logger 2 {"service":"default","date":"2020-02-08T21:28:07.563Z"}
info: test from index.mjs 2 {"service":"default","date":"2020-02-08T21:28:07.563Z"}
info: in insert user logger 2 {"service":"default","date":"2020-02-08T21:28:31.926Z"}
info: test from index.mjs 2 {"service":"default","date":"2020-02-08T21:28:31.926Z"}
info: in insert user logger 2 {"service":"default","date":"2020-02-08T21:29:02.985Z"}
info: test from index.mjs 2 {"service":"default","date":"2020-02-08T21:29:02.985Z"}
info: in insert user logger 2 {"service":"default","date":"2020-02-08T21:29:38.971Z"}
info: test from index.mjs 2 {"service":"default","date":"2020-02-08T21:29:38.971Z"}
info: in insert user logger 2 {"service":"default","date":"2020-02-08T21:31:27.564Z"}
info: test from index.mjs 2 {"service":"default","date":"2020-02-08T21:31:27.564Z"}
info: in insert user logger 2 {"service":"default","date":"2020-02-08T21:44:38.810Z"}
info: test from index.mjs 2 {"service":"default","date":"2020-02-08T21:44:38.810Z"}
info: in insert user logger 2 {"service":"default","date":"2020-02-08T21:45:17.384Z"}
info: test from index.mjs 2 {"service":"default","date":"2020-02-08T21:45:17.384Z"}
info: in insert user logger 2 {"service":"default","date":"2020-02-08T21:50:11.262Z"}
info: test from index.mjs 2 {"service":"default","date":"2020-02-08T21:50:11.262Z"}
info: error connectingTypeError: Cannot read property 'connect' of undefined
    at _callee$ (webpack:///./src/routeHandlers/users/insert-user.js?:64:31)
    at tryCatch (webpack:///./node_modules/regenerator-runtime/runtime.js?:47:17)
    at Generator.invoke [as _invoke] (webpack:///./node_modules/regenerator-runtime/runtime.js?:266:22)
    at Generator.prototype.<computed> [as next] (webpack:///./node_modules/regenerator-runtime/runtime.js?:100:21)
    at asyncGeneratorStep (webpack:///./src/routeHandlers/users/insert-user.js?:21:115)
    at _next (webpack:///./src/routeHandlers/users/insert-user.js?:23:194) {"service":"default","date":"2020-02-08T21:50:11.262Z"}
info: in insert user logger 2 {"service":"default","date":"2020-02-08T21:50:37.075Z"}
info: test from index.mjs 2 {"service":"default","date":"2020-02-08T21:50:37.075Z"}
info: in insert user logger 2 {"service":"default","date":"2020-02-08T21:52:01.020Z"}
info: test from index.mjs 2 {"service":"default","date":"2020-02-08T21:52:01.020Z"}
info: error connectingTypeError: connection.execut is not a function
    at _callee$ (webpack:///./src/routeHandlers/users/insert-user.js?:73:31)
    at tryCatch (webpack:///./node_modules/regenerator-runtime/runtime.js?:47:17)
    at Generator.invoke [as _invoke] (webpack:///./node_modules/regenerator-runtime/runtime.js?:266:22)
    at Generator.prototype.<computed> [as next] (webpack:///./node_modules/regenerator-runtime/runtime.js?:100:21)
    at asyncGeneratorStep (webpack:///./src/routeHandlers/users/insert-user.js?:29:103)
    at _next (webpack:///./src/routeHandlers/users/insert-user.js?:31:194)
    at processTicksAndRejections (internal/process/task_queues.js:93:5) {"service":"default","date":"2020-02-08T21:52:01.020Z"}
info: in insert user logger 2 {"service":"default","date":"2020-02-08T21:52:18.263Z"}
info: test from index.mjs 2 {"service":"default","date":"2020-02-08T21:52:18.263Z"}
info: http://localhost {"service":"default","date":"2020-02-08T21:52:18.263Z"}
info: in insert user logger 2 {"service":"default","date":"2020-02-08T21:53:13.801Z"}
info: test from index.mjs 2 {"service":"default","date":"2020-02-08T21:53:13.801Z"}
info: http://localhost {"service":"default","date":"2020-02-08T21:53:13.801Z"}
info: in insert user logger 2 {"service":"default","date":"2020-02-08T21:54:07.015Z"}
info: test from index.mjs 2 {"service":"default","date":"2020-02-08T21:54:07.015Z"}
info: http://localhost {"service":"default","date":"2020-02-08T21:54:07.015Z"}
info: in insert user logger 2 {"service":"default","date":"2020-02-08T21:54:20.993Z"}
info: test from index.mjs 2 {"service":"default","date":"2020-02-08T21:54:20.993Z"}
info: http://localhost {"service":"default","date":"2020-02-08T21:54:20.993Z"}
info: http://localhost {"service":"default","date":"2020-02-08T21:54:20.993Z"}
info: http://localhost {"service":"default","date":"2020-02-08T21:54:20.993Z"}
info: http://localhost {"service":"default","date":"2020-02-08T21:54:20.993Z"}
info: http://localhost {"service":"default","date":"2020-02-08T21:54:20.993Z"}
info: http://localhost {"service":"default","date":"2020-02-08T21:54:20.993Z"}
info: http://localhost {"service":"default","date":"2020-02-08T21:54:20.993Z"}
info: http://localhost {"service":"default","date":"2020-02-08T21:54:20.993Z"}
info: http://localhost {"service":"default","date":"2020-02-08T21:54:20.993Z"}
info: http://localhost {"service":"default","date":"2020-02-08T21:54:20.993Z"}
info: http://localhost {"service":"default","date":"2020-02-08T21:54:20.993Z"}
info: http://localhost {"service":"default","date":"2020-02-08T21:54:20.993Z"}
info: http://localhost {"service":"default","date":"2020-02-08T21:54:20.993Z"}
info: http://localhost {"service":"default","date":"2020-02-08T21:54:20.993Z"}
info: http://localhost {"service":"default","date":"2020-02-08T21:54:20.993Z"}
info: http://localhost {"service":"default","date":"2020-02-08T21:54:20.993Z"}
info: http://localhost {"service":"default","date":"2020-02-08T21:54:20.993Z"}
info: http://localhost {"service":"default","date":"2020-02-08T21:54:20.993Z"}
info: http://localhost {"service":"default","date":"2020-02-08T21:54:20.993Z"}
info: http://localhost {"service":"default","date":"2020-02-08T21:54:20.993Z"}
info: http://localhost {"service":"default","date":"2020-02-08T21:54:20.993Z"}
info: http://localhost {"service":"default","date":"2020-02-08T21:54:20.993Z"}
info: http://localhost {"service":"default","date":"2020-02-08T21:54:20.993Z"}
info: http://localhost {"service":"default","date":"2020-02-08T21:54:20.993Z"}
info: in insert user logger 2 {"service":"default","date":"2020-02-09T10:44:12.914Z"}
info: test from index.mjs 2 {"service":"default","date":"2020-02-09T10:44:12.914Z"}
info: http://localhost {"service":"default","date":"2020-02-09T10:44:12.914Z"}
info: in insert user logger 2 {"service":"default","date":"2020-02-09T10:56:43.206Z"}
info: test from index.mjs 2 {"service":"default","date":"2020-02-09T10:56:43.206Z"}
info: in insert user logger 2 {"service":"default","date":"2020-02-09T10:56:44.800Z"}
info: test from index.mjs 2 {"service":"default","date":"2020-02-09T10:56:44.800Z"}
info: http://localhost {"service":"default","date":"2020-02-09T10:56:44.800Z"}
info: http://localhost {"service":"default","date":"2020-02-09T10:56:44.800Z"}
info: in insert user logger 2 {"service":"default","date":"2020-02-09T10:57:17.462Z"}
info: test from index.mjs 2 {"service":"default","date":"2020-02-09T10:57:17.462Z"}
info: http://localhost {"service":"default","date":"2020-02-09T10:57:17.462Z"}
info: in insert user logger 2 {"service":"default","date":"2020-02-09T10:59:04.320Z"}
info: test from index.mjs 2 {"service":"default","date":"2020-02-09T10:59:04.320Z"}
info: http://localhost {"service":"default","date":"2020-02-09T10:59:04.320Z"}
info: in insert user logger 2 {"service":"default","date":"2020-02-09T10:59:26.966Z"}
info: test from index.mjs 2 {"service":"default","date":"2020-02-09T10:59:26.966Z"}
info: in insert user logger 2 {"service":"default","date":"2020-02-09T11:07:10.996Z"}
info: test from index.mjs 2 {"service":"default","date":"2020-02-09T11:07:10.996Z"}
info: http://localhost {"service":"default","date":"2020-02-09T11:07:10.996Z"}
info: in insert user logger 2 {"service":"default","date":"2020-02-09T11:12:28.290Z"}
info: test from index.mjs 2 {"service":"default","date":"2020-02-09T11:12:28.290Z"}
info: http://localhost {"service":"default","date":"2020-02-09T11:12:28.290Z"}
info: in insert user logger 2 {"service":"default","date":"2020-02-09T11:13:05.070Z"}
info: test from index.mjs 2 {"service":"default","date":"2020-02-09T11:13:05.070Z"}
info: http://localhost {"service":"default","date":"2020-02-09T11:13:05.070Z"}
info: in insert user logger 2 {"service":"default","date":"2020-02-09T11:14:02.727Z"}
info: test from index.mjs 2 {"service":"default","date":"2020-02-09T11:14:02.727Z"}
info: http://localhost {"service":"default","date":"2020-02-09T11:14:02.727Z"}
info: http://localhost {"service":"default","date":"2020-02-09T11:14:02.727Z"}
info: in insert user logger 2 {"service":"default","date":"2020-02-09T11:28:53.077Z"}
info: test from index.mjs 2 {"service":"default","date":"2020-02-09T11:28:53.077Z"}
info: http://localhost {"service":"default","date":"2020-02-09T11:28:53.077Z"}
info: in insert user logger 2 {"service":"default","date":"2020-02-09T11:30:19.794Z"}
info: test from index.mjs 2 {"service":"default","date":"2020-02-09T11:30:19.794Z"}
info: in insert user logger 2 {"service":"default","date":"2020-02-09T11:30:28.356Z"}
info: test from index.mjs 2 {"service":"default","date":"2020-02-09T11:30:28.356Z"}
info: http://localhost {"service":"default","date":"2020-02-09T11:30:28.356Z"}
info: in insert user logger 2 {"service":"default","date":"2020-02-09T11:36:42.033Z"}
info: test from index.mjs 2 {"service":"default","date":"2020-02-09T11:36:42.033Z"}
info: http://localhost {"service":"default","date":"2020-02-09T11:36:42.033Z"}
info: http://localhost {"service":"default","date":"2020-02-09T11:36:42.033Z"}
info: in insert user logger 2 {"service":"default","date":"2020-02-09T11:37:02.592Z"}
info: test from index.mjs 2 {"service":"default","date":"2020-02-09T11:37:02.592Z"}
info: in insert user logger 2 {"service":"default","date":"2020-02-09T11:37:05.758Z"}
info: test from index.mjs 2 {"service":"default","date":"2020-02-09T11:37:05.758Z"}
info: error connectingTypeError: Bind parameters must not contain undefined. To pass SQL NULL specify JS null
    at eval (webpack:///./node_modules/mysql2/lib/connection.js?:671:19)
    at Array.forEach (<anonymous>)
    at PoolConnection.execute (webpack:///./node_modules/mysql2/lib/connection.js?:664:24)
    at eval (webpack:///./node_modules/mysql2/promise.js?:145:13)
    at new Promise (<anonymous>)
    at PromisePoolConnection.execute (webpack:///./node_modules/mysql2/promise.js?:141:14)
    at _callee$ (webpack:///./src/routeHandlers/users/insert-user.js?:46:31)
    at tryCatch (webpack:///./node_modules/regenerator-runtime/runtime.js?:47:17)
    at Generator.invoke [as _invoke] (webpack:///./node_modules/regenerator-runtime/runtime.js?:266:22)
    at Generator.prototype.<computed> [as next] (webpack:///./node_modules/regenerator-runtime/runtime.js?:100:21) {"service":"default","date":"2020-02-09T11:37:05.758Z"}
info: in insert user logger 2 {"service":"default","date":"2020-02-09T11:37:27.678Z"}
info: test from index.mjs 2 {"service":"default","date":"2020-02-09T11:37:27.678Z"}
info: in insert user logger 2 {"service":"default","date":"2020-02-09T11:42:35.166Z"}
info: test from index.mjs 2 {"service":"default","date":"2020-02-09T11:42:35.166Z"}
info: error connectingError: You have an error in your SQL syntax; check the manual that corresponds to your MySQL server version for the right syntax to use near ':name FROM users' at line 1
    at PromisePoolConnection.prepare (webpack:///./node_modules/mysql2/promise.js?:225:22)
    at _callee$ (webpack:///./src/routeHandlers/users/insert-user.js?:46:31)
    at tryCatch (webpack:///./node_modules/regenerator-runtime/runtime.js?:47:17)
    at Generator.invoke [as _invoke] (webpack:///./node_modules/regenerator-runtime/runtime.js?:266:22)
    at Generator.prototype.<computed> [as next] (webpack:///./node_modules/regenerator-runtime/runtime.js?:100:21)
    at asyncGeneratorStep (webpack:///./src/routeHandlers/users/insert-user.js?:13:103)
    at _next (webpack:///./src/routeHandlers/users/insert-user.js?:15:194)
    at processTicksAndRejections (internal/process/task_queues.js:93:5) {"service":"default","date":"2020-02-09T11:42:35.166Z"}
info: in insert user logger 2 {"service":"default","date":"2020-02-09T11:42:57.543Z"}
info: test from index.mjs 2 {"service":"default","date":"2020-02-09T11:42:57.543Z"}
info: error connectingError: You have an error in your SQL syntax; check the manual that corresponds to your MySQL server version for the right syntax to use near ':name FROM users' at line 1
    at PromisePoolConnection.prepare (webpack:///./node_modules/mysql2/promise.js?:225:22)
    at _callee$ (webpack:///./src/routeHandlers/users/insert-user.js?:46:31)
    at tryCatch (webpack:///./node_modules/regenerator-runtime/runtime.js?:47:17)
    at Generator.invoke [as _invoke] (webpack:///./node_modules/regenerator-runtime/runtime.js?:266:22)
    at Generator.prototype.<computed> [as next] (webpack:///./node_modules/regenerator-runtime/runtime.js?:100:21)
    at asyncGeneratorStep (webpack:///./src/routeHandlers/users/insert-user.js?:13:103)
    at _next (webpack:///./src/routeHandlers/users/insert-user.js?:15:194)
    at processTicksAndRejections (internal/process/task_queues.js:93:5) {"service":"default","date":"2020-02-09T11:42:57.543Z"}
info: in insert user logger 2 {"service":"default","date":"2020-02-09T11:52:24.817Z"}
info: test from index.mjs 2 {"service":"default","date":"2020-02-09T11:52:24.817Z"}
info: http://localhost {"service":"default","date":"2020-02-09T11:52:24.817Z"}
info: http://localhost {"service":"default","date":"2020-02-09T11:52:24.817Z"}
info: in insert user logger 2 {"service":"default","date":"2020-02-09T12:02:25.452Z"}
info: test from index.mjs 2 {"service":"default","date":"2020-02-09T12:02:25.452Z"}
info: http://localhost {"service":"default","date":"2020-02-09T12:02:25.452Z"}
info: http://localhost {"service":"default","date":"2020-02-09T12:02:25.452Z"}
info: in insert user logger 2 {"service":"default","date":"2020-02-09T12:02:52.871Z"}
info: test from index.mjs 2 {"service":"default","date":"2020-02-09T12:02:52.871Z"}
info: http://localhost {"service":"default","date":"2020-02-09T12:02:52.871Z"}
info: in insert user logger 2 {"service":"default","date":"2020-02-09T12:03:28.682Z"}
info: test from index.mjs 2 {"service":"default","date":"2020-02-09T12:03:28.682Z"}
info: http://localhost {"service":"default","date":"2020-02-09T12:03:28.682Z"}
info: http://localhost {"service":"default","date":"2020-02-09T12:03:28.682Z"}
info: in insert user logger 2 {"service":"default","date":"2020-02-09T12:03:50.101Z"}
info: test from index.mjs 2 {"service":"default","date":"2020-02-09T12:03:50.101Z"}
info: http://localhost {"service":"default","date":"2020-02-09T12:03:50.101Z"}
info: http://localhost {"service":"default","date":"2020-02-09T12:03:50.101Z"}
info: in insert user logger 2 {"service":"default","date":"2020-02-09T12:04:10.832Z"}
info: test from index.mjs 2 {"service":"default","date":"2020-02-09T12:04:10.832Z"}
info: in insert user logger 2 {"service":"default","date":"2020-02-09T12:16:01.889Z"}
info: test from index.mjs 2 {"service":"default","date":"2020-02-09T12:16:01.889Z"}
info: http://localhost {"service":"default","date":"2020-02-09T12:16:01.889Z"}
info: http://localhost {"service":"default","date":"2020-02-09T12:16:01.889Z"}
info: http://localhost {"service":"default","date":"2020-02-09T12:16:01.889Z"}
info: http://localhost {"service":"default","date":"2020-02-09T12:16:01.889Z"}
info: in insert user logger 2 {"service":"default","date":"2020-02-09T12:16:19.177Z"}
info: test from index.mjs 2 {"service":"default","date":"2020-02-09T12:16:19.177Z"}
info: http://localhost {"service":"default","date":"2020-02-09T12:16:19.177Z"}
info: in insert user logger 2 {"service":"default","date":"2020-02-09T12:17:23.197Z"}
info: test from index.mjs 2 {"service":"default","date":"2020-02-09T12:17:23.197Z"}
info: http://localhost {"service":"default","date":"2020-02-09T12:17:23.197Z"}
info: http://localhost {"service":"default","date":"2020-02-09T12:17:23.197Z"}
info: http://localhost {"service":"default","date":"2020-02-09T12:17:23.197Z"}
info: http://localhost {"service":"default","date":"2020-02-09T12:17:23.197Z"}
info: http://localhost {"service":"default","date":"2020-02-09T12:17:23.197Z"}
info: http://localhost {"service":"default","date":"2020-02-09T12:17:23.197Z"}
info: http://localhost {"service":"default","date":"2020-02-09T12:17:23.197Z"}
info: http://localhost {"service":"default","date":"2020-02-09T12:17:23.197Z"}
info: http://localhost {"service":"default","date":"2020-02-09T12:17:23.197Z"}
info: http://localhost {"service":"default","date":"2020-02-09T12:17:23.197Z"}
info: http://localhost {"service":"default","date":"2020-02-09T12:17:23.197Z"}
info: http://localhost {"service":"default","date":"2020-02-09T12:17:23.197Z"}
info: http://localhost {"service":"default","date":"2020-02-09T12:17:23.197Z"}
info: http://localhost {"service":"default","date":"2020-02-09T12:17:23.197Z"}
info: http://localhost {"service":"default","date":"2020-02-09T12:17:23.197Z"}
info: http://localhost {"service":"default","date":"2020-02-09T12:17:23.197Z"}
info: http://localhost {"service":"default","date":"2020-02-09T12:17:23.197Z"}
info: in insert user logger 2 {"service":"default","date":"2020-02-09T20:14:39.696Z"}
info: http://localhost {"service":"default","date":"2020-02-09T20:14:39.696Z"}
info: http://localhost {"service":"default","date":"2020-02-09T20:14:39.696Z"}
info: http://localhost {"service":"default","date":"2020-02-09T20:14:39.696Z"}
info: http://localhost {"service":"default","date":"2020-02-09T20:14:39.696Z"}
info: http://localhost {"service":"default","date":"2020-02-09T20:14:39.696Z"}
info: in insert user logger 2 {"service":"default","date":"2020-02-09T20:17:08.857Z"}
info: http://localhost {"service":"default","date":"2020-02-09T20:17:08.857Z"}
info: http://localhost {"service":"default","date":"2020-02-09T20:17:08.857Z"}
info: http://localhost {"service":"default","date":"2020-02-09T20:17:08.857Z"}
info: http://localhost {"service":"default","date":"2020-02-09T20:17:08.857Z"}
info: http://localhost {"service":"default","date":"2020-02-09T20:17:08.857Z"}
info: in insert user logger 2 {"service":"default","date":"2020-02-09T20:18:41.105Z"}
info: in insert user logger 2 {"service":"default","date":"2020-02-09T20:18:45.124Z"}
info: in insert user logger 2 {"service":"default","date":"2020-02-09T20:19:03.961Z"}
info: http://localhost {"service":"default","date":"2020-02-10T10:10:11.153Z"}
info: http://localhost {"service":"default","date":"2020-02-10T10:37:03.547Z"}
info: http://localhost {"service":"default","date":"2020-02-10T10:38:17.594Z"}
info: http://localhost {"service":"default","date":"2020-02-10T10:38:17.594Z"}
info: http://localhost {"service":"default","date":"2020-02-10T10:38:45.532Z"}
info: http://localhost {"service":"default","date":"2020-02-10T10:38:45.532Z"}
info: http://localhost {"service":"default","date":"2020-02-10T10:41:14.104Z"}
info: http://localhost {"service":"default","date":"2020-02-10T10:42:14.917Z"}
info: http://localhost {"service":"default","date":"2020-02-10T10:43:04.464Z"}
info: http://localhost {"service":"default","date":"2020-02-10T10:44:36.571Z"}
info: http://localhost {"service":"default","date":"2020-02-10T10:44:36.571Z"}
info: http://localhost {"service":"default","date":"2020-02-10T10:45:57.720Z"}
info: http://localhost {"service":"default","date":"2020-02-10T10:45:57.720Z"}
info: http://localhost {"service":"default","date":"2020-02-10T10:54:16.447Z"}
info: http://localhost {"service":"default","date":"2020-02-10T10:55:00.737Z"}
info: http://localhost {"service":"default","date":"2020-02-10T11:11:21.459Z"}
info: http://localhost {"service":"default","date":"2020-02-10T11:11:21.459Z"}
info: http://localhost {"service":"default","date":"2020-02-10T11:11:21.459Z"}
info: http://localhost {"service":"default","date":"2020-02-10T11:12:57.731Z"}
info: http://localhost {"service":"default","date":"2020-02-10T11:18:01.596Z"}
info: http://localhost {"service":"default","date":"2020-02-10T11:27:32.782Z"}
info: http://localhost {"service":"default","date":"2020-02-10T11:27:32.782Z"}
info: http://localhost {"service":"default","date":"2020-02-10T11:27:32.782Z"}
info: http://localhost {"service":"default","date":"2020-02-10T11:27:32.782Z"}
info: http://localhost {"service":"default","date":"2020-02-10T11:27:32.782Z"}
info: http://localhost {"service":"default","date":"2020-02-10T11:27:32.782Z"}
info: http://localhost {"service":"default","date":"2020-02-10T12:22:56.489Z"}
info: http://localhost {"service":"default","date":"2020-02-10T12:22:56.489Z"}
info: http://localhost {"service":"default","date":"2020-02-10T12:22:56.489Z"}
info: starting on index.mjs {"service":"default","date":"2020-02-10T13:08:35.331Z"}
info: http://localhost {"service":"default","date":"2020-02-10T13:08:35.331Z"}
info: http://localhost {"service":"default","date":"2020-02-10T13:08:35.331Z"}
info: http://localhost {"service":"default","date":"2020-02-10T13:08:35.331Z"}
info: starting on index.mjs {"service":"default","date":"2020-02-10T19:40:48.305Z"}
info: starting on index.mjs {"service":"default","date":"2020-02-10T19:41:21.666Z"}
info: starting on index.mjs {"service":"default","date":"2020-02-10T19:41:43.722Z"}
info: http://app.app.localhost {"service":"default","date":"2020-02-10T19:41:43.722Z"}
info: starting on index.mjs {"service":"default","date":"2020-02-10T19:45:55.389Z"}
info: starting on index.mjs {"service":"default","date":"2020-02-10T19:46:03.973Z"}
info: http://localhost {"service":"default","date":"2020-02-10T19:46:03.973Z"}
info: starting on index.mjs {"service":"default","date":"2020-02-10T19:47:30.642Z"}
info: starting on index.mjs {"service":"default","date":"2020-02-10T19:50:11.262Z"}
info: starting on index.mjs {"service":"default","date":"2020-02-10T20:27:30.251Z"}
info: starting on index.mjs {"service":"default","date":"2020-02-10T20:28:01.629Z"}
info: starting on index.mjs {"service":"default","date":"2020-02-10T20:28:13.506Z"}
info: http://localhost {"service":"default","date":"2020-02-10T20:28:13.506Z"}
info: starting on index.mjs {"service":"default","date":"2020-02-10T20:31:56.567Z"}
info: http://localhost {"service":"default","date":"2020-02-10T20:31:56.567Z"}
info: starting on index.mjs {"service":"default","date":"2020-02-10T20:37:35.405Z"}
info: starting on index.mjs {"service":"default","date":"2020-02-10T20:39:09.705Z"}
info: error connectingError: Unknown column '04cadaf5cb69ae3ad60f4df9aa4d6bf1f7f8707d6d9b93f29389871d1267325571fd6cdc4f16d57ab84b77912b6cd663b3f7fa34431ac89b4ce206a187a72a66' in 'field list'
    at PromisePoolConnection.execute (webpack:///./node_modules/mysql2/promise.js?:140:22)
    at _callee$ (webpack:///./src/routeHandlers/users/insert-user.js?:73:31)
    at tryCatch (webpack:///./node_modules/regenerator-runtime/runtime.js?:47:17)
    at Generator.invoke [as _invoke] (webpack:///./node_modules/regenerator-runtime/runtime.js?:266:22)
    at Generator.prototype.<computed> [as next] (webpack:///./node_modules/regenerator-runtime/runtime.js?:100:21)
    at asyncGeneratorStep (webpack:///./src/routeHandlers/users/insert-user.js?:19:103)
    at _next (webpack:///./src/routeHandlers/users/insert-user.js?:21:194)
    at processTicksAndRejections (internal/process/task_queues.js:93:5) {"service":"default","date":"2020-02-10T20:39:09.705Z"}
info: starting on index.mjs {"service":"default","date":"2020-02-10T20:44:53.061Z"}
info: error connectingError: Unknown column '70bf459c0891318914cbc9b7ec381eb3e6f8680a39f404e6c500f359d539b767c29017c3783f4b329b192cd242da024e89734367585ecf552f95c8b5793f76a8' in 'field list'
    at PromisePoolConnection.execute (webpack:///./node_modules/mysql2/promise.js?:140:22)
    at _callee$ (webpack:///./src/routeHandlers/users/insert-user.js?:74:31)
    at tryCatch (webpack:///./node_modules/regenerator-runtime/runtime.js?:47:17)
    at Generator.invoke [as _invoke] (webpack:///./node_modules/regenerator-runtime/runtime.js?:266:22)
    at Generator.prototype.<computed> [as next] (webpack:///./node_modules/regenerator-runtime/runtime.js?:100:21)
    at asyncGeneratorStep (webpack:///./src/routeHandlers/users/insert-user.js?:19:103)
    at _next (webpack:///./src/routeHandlers/users/insert-user.js?:21:194)
    at processTicksAndRejections (internal/process/task_queues.js:93:5) {"service":"default","date":"2020-02-10T20:44:53.061Z"}
info: starting on index.mjs {"service":"default","date":"2020-02-10T20:45:37.992Z"}
info: http://localhost {"service":"default","date":"2020-02-10T20:45:37.992Z"}
info: starting on index.mjs {"service":"default","date":"2020-02-10T20:48:27.656Z"}
info: starting on index.mjs {"service":"default","date":"2020-02-10T20:48:36.632Z"}
info: starting on index.mjs {"service":"default","date":"2020-02-10T21:16:55.501Z"}
info: starting on index.mjs {"service":"default","date":"2020-02-11T21:14:35.037Z"}
info: starting on index.mjs {"service":"default","date":"2020-02-11T21:14:54.970Z"}
info: starting on index.mjs {"service":"default","date":"2020-02-11T21:17:04.236Z"}
info: starting on index.mjs {"service":"default","date":"2020-02-11T21:18:26.931Z"}
info: starting on index.mjs {"service":"default","date":"2020-02-11T21:20:05.677Z"}
info: starting on index.mjs {"service":"default","date":"2020-02-11T21:20:16.278Z"}
info: starting on index.mjs {"service":"default","date":"2020-02-11T21:20:36.280Z"}
info: starting on index.mjs {"service":"default","date":"2020-02-11T21:21:10.455Z"}
info: starting on index.mjs {"service":"default","date":"2020-02-11T21:21:44.208Z"}
info: starting on index.mjs {"service":"default","date":"2020-02-11T21:23:15.872Z"}
info: starting on index.mjs {"service":"default","date":"2020-02-11T21:23:36.331Z"}
info: starting on index.mjs {"service":"default","date":"2020-02-11T21:23:51.643Z"}
info: starting on index.mjs {"service":"default","date":"2020-02-11T21:26:57.293Z"}
info: starting on index.mjs {"service":"default","date":"2020-02-11T21:37:51.133Z"}
info: http://localhost {"service":"default","date":"2020-02-11T21:37:51.133Z"}
info: http://localhost {"service":"default","date":"2020-02-11T21:37:51.133Z"}
info: http://localhost {"service":"default","date":"2020-02-11T21:37:51.133Z"}
